2024-11-13 21:48:21,118 [INFO] Activator:176 - 


2024-11-13 21:48:21,127 [INFO] Activator:177 - !SESSION log4j initialized
2024-11-13 21:48:45,047 [INFO] LogOutputStream:77 - [STDOUT_REDIRECT] 
2024-11-13 21:49:12,151 [INFO] ApplicationProperties:184 - Using Application install path: C:\ST\STM32CubeIDE_1.15.1\STM32CubeIDE\plugins\com.st.stm32cube.common.mx_6.11.1.202404110753
2024-11-13 21:49:12,276 [INFO] DbMcusXml:78 - Set database path to: C:\ST\STM32CubeIDE_1.15.1\STM32CubeIDE\plugins\com.st.stm32cube.common.mx_6.11.1.202404110753\\db\/mcu/
2024-11-13 21:49:12,277 [INFO] ApiDb:274 - Set plugin database path to: C:\ST\STM32CubeIDE_1.15.1\STM32CubeIDE\plugins\com.st.stm32cube.common.mx_6.11.1.202404110753\\db\/plugins/boardmanager/
2024-11-13 21:49:12,277 [WARN] ApiDb:259 - Overriding images path with different value:  => C:\ST\STM32CubeIDE_1.15.1\STM32CubeIDE\plugins\com.st.stm32cube.common.mx_6.11.1.202404110753\\db\/plugins/mcufinder/images/
2024-11-13 21:49:12,496 [INFO] ApiDb:250 - Set database path to: C:\Users\crist\.stmcufinder\plugins\mcufinder//mcu/
2024-11-13 21:49:12,497 [INFO] DbMcusAds:125 - Set database path to: C:\Users\crist\.stmcufinder\plugins\mcufinder//mcu/
2024-11-13 21:49:12,501 [INFO] CrossReferenceDbSqlite:203 - Set database path to: C:\Users\crist\.stmcufinder\plugins\mcufinder//mcu/cs/
2024-11-13 21:49:12,926 [INFO] RulesReader:64 - Compatibility file has been processed (297 Rules)
2024-11-13 21:49:16,459 [INFO] DbMcusXml:78 - Set database path to: C:\ST\STM32CubeIDE_1.15.1\STM32CubeIDE\plugins\com.st.stm32cube.common.mx_6.11.1.202404110753\\db\/mcu/
2024-11-13 21:49:16,459 [INFO] ApiDb:274 - Set plugin database path to: C:\ST\STM32CubeIDE_1.15.1\STM32CubeIDE\plugins\com.st.stm32cube.common.mx_6.11.1.202404110753\\db\/plugins/boardmanager/
2024-11-13 21:49:16,460 [INFO] ApiDb:261 - Set plugin images path to: C:\ST\STM32CubeIDE_1.15.1\STM32CubeIDE\plugins\com.st.stm32cube.common.mx_6.11.1.202404110753\\db\/plugins/mcufinder/images/
2024-11-13 21:49:16,460 [WARN] DbFile:41 - Overriding database path with different value: C:\Users\crist\.stmcufinder\plugins\mcufinder/ => C:\Users\crist\.stmcufinder\plugins\mcufinder
2024-11-13 21:49:16,460 [INFO] ApiDb:250 - Set database path to: C:\Users\crist\.stmcufinder\plugins\mcufinder//mcu/
2024-11-13 21:49:16,461 [WARN] DbFile:41 - Overriding database path with different value: C:\Users\crist\.stmcufinder\plugins\mcufinder/ => C:\Users\crist\.stmcufinder\plugins\mcufinder
2024-11-13 21:49:16,461 [INFO] DbMcusAds:125 - Set database path to: C:\Users\crist\.stmcufinder\plugins\mcufinder//mcu/
2024-11-13 21:49:16,461 [WARN] DbFile:41 - Overriding database path with different value: C:\Users\crist\.stmcufinder\plugins\mcufinder/ => C:\Users\crist\.stmcufinder\plugins\mcufinder
2024-11-13 21:49:16,461 [WARN] DbFile:41 - Overriding database path with different value: C:\Users\crist\.stmcufinder\plugins\mcufinder/ => C:\Users\crist\.stmcufinder\plugins\mcufinder
2024-11-13 21:49:16,461 [INFO] CrossReferenceDbSqlite:203 - Set database path to: C:\Users\crist\.stmcufinder\plugins\mcufinder//mcu/cs/
2024-11-13 21:49:18,870 [INFO] MainPanel:264 - HeapMemory: 268435456
2024-11-13 21:49:19,718 [INFO] DbMcusXml:78 - Set database path to: C:\ST\STM32CubeIDE_1.15.1\STM32CubeIDE\plugins\com.st.stm32cube.common.mx_6.11.1.202404110753\\db\/mcu/
2024-11-13 21:49:19,718 [INFO] ApiDb:274 - Set plugin database path to: C:\ST\STM32CubeIDE_1.15.1\STM32CubeIDE\plugins\com.st.stm32cube.common.mx_6.11.1.202404110753\\db\/plugins/boardmanager/
2024-11-13 21:49:19,718 [INFO] ApiDb:261 - Set plugin images path to: C:\ST\STM32CubeIDE_1.15.1\STM32CubeIDE\plugins\com.st.stm32cube.common.mx_6.11.1.202404110753\\db\/plugins/mcufinder/images/
2024-11-13 21:49:19,718 [WARN] DbFile:41 - Overriding database path with different value: C:\Users\crist\.stmcufinder\plugins\mcufinder/ => C:\Users\crist\.stmcufinder\plugins\mcufinder
2024-11-13 21:49:19,718 [INFO] ApiDb:250 - Set database path to: C:\Users\crist\.stmcufinder\plugins\mcufinder//mcu/
2024-11-13 21:49:19,718 [WARN] DbFile:41 - Overriding database path with different value: C:\Users\crist\.stmcufinder\plugins\mcufinder/ => C:\Users\crist\.stmcufinder\plugins\mcufinder
2024-11-13 21:49:19,718 [INFO] DbMcusAds:125 - Set database path to: C:\Users\crist\.stmcufinder\plugins\mcufinder//mcu/
2024-11-13 21:49:19,718 [WARN] DbFile:41 - Overriding database path with different value: C:\Users\crist\.stmcufinder\plugins\mcufinder/ => C:\Users\crist\.stmcufinder\plugins\mcufinder
2024-11-13 21:49:19,718 [WARN] DbFile:41 - Overriding database path with different value: C:\Users\crist\.stmcufinder\plugins\mcufinder/ => C:\Users\crist\.stmcufinder\plugins\mcufinder
2024-11-13 21:49:19,719 [INFO] CrossReferenceDbSqlite:203 - Set database path to: C:\Users\crist\.stmcufinder\plugins\mcufinder//mcu/cs/
2024-11-13 21:49:19,991 [INFO] ApplicationProperties:184 - Using Application install path: C:\ST\STM32CubeIDE_1.15.1\STM32CubeIDE\plugins\com.st.stm32cube.common.mx_6.11.1.202404110753
2024-11-13 21:49:20,095 [INFO] PluginManage:196 - Search for loadable plugins [exclusion list=, ]
2024-11-13 21:49:20,134 [INFO] PluginManage:310 - Check plugin analytics
2024-11-13 21:49:20,575 [INFO] AnalyticsPlugin:253 - Accepted Software Licenses: 
2024-11-13 21:49:20,575 [INFO] AnalyticsPlugin:255 - Accepted CMSIS Pack Licenses: 
2024-11-13 21:49:20,576 [INFO] AnalyticsPlugin:257 - Accepted Firmware Licenses: FW.F4.1.28.0
2024-11-13 21:49:20,577 [INFO] PluginManage:359 - Loaded plugin analytics (category:tool,tabindex:-1)
2024-11-13 21:49:20,578 [INFO] PluginManage:310 - Check plugin cadmodel
2024-11-13 21:49:20,638 [INFO] CADModel:105 - Init CAD model plugin
2024-11-13 21:49:20,638 [INFO] PluginManage:359 - Loaded plugin cadmodel (category:power,tabindex:5)
2024-11-13 21:49:20,639 [INFO] PluginManage:310 - Check plugin clock
2024-11-13 21:49:20,728 [INFO] PluginManage:359 - Loaded plugin clock (category:base,tabindex:2)
2024-11-13 21:49:20,728 [INFO] PluginManage:310 - Check plugin ddr
2024-11-13 21:49:20,776 [INFO] PluginManage:359 - Loaded plugin ddr (category:tool,tabindex:6)
2024-11-13 21:49:20,776 [INFO] PluginManage:310 - Check plugin filemanager
2024-11-13 21:49:21,285 [INFO] PluginManage:359 - Loaded plugin filemanager (category:base,tabindex:10)
2024-11-13 21:49:21,285 [INFO] PluginManage:310 - Check plugin ipmanager
2024-11-13 21:49:21,328 [INFO] PluginManage:359 - Loaded plugin ipmanager (category:base,tabindex:5)
2024-11-13 21:49:21,329 [INFO] PluginManage:310 - Check plugin lpbam
2024-11-13 21:49:21,408 [INFO] PluginManage:359 - Loaded plugin lpbam (category:base,tabindex:0)
2024-11-13 21:49:21,408 [INFO] PluginManage:310 - Check plugin memorymap
2024-11-13 21:49:21,471 [INFO] PluginManage:359 - Loaded plugin memorymap (category:base,tabindex:4)
2024-11-13 21:49:21,471 [INFO] PluginManage:310 - Check plugin pinoutandconfiguration
2024-11-13 21:49:21,528 [INFO] PluginManage:359 - Loaded plugin pinoutandconfiguration (category:base,tabindex:1)
2024-11-13 21:49:21,528 [INFO] PluginManage:310 - Check plugin pinoutconfig
2024-11-13 21:49:21,709 [WARN] SupportedApi:132 - Cannot load RTOS API schema: s4s-elt-must-match.1: The content of 'definitions' must match (annotation?, (simpleType | complexType)?, (unique | key | keyref)*)). A problem was found starting at: attribute.
2024-11-13 21:49:21,901 [INFO] PluginManage:359 - Loaded plugin pinoutconfig (category:base,tabindex:0)
2024-11-13 21:49:21,901 [INFO] PluginManage:310 - Check plugin power
2024-11-13 21:49:22,115 [INFO] PluginManage:359 - Loaded plugin power (category:power,tabindex:4)
2024-11-13 21:49:22,116 [INFO] PluginManage:310 - Check plugin projectmanager
2024-11-13 21:49:22,152 [INFO] PluginManage:359 - Loaded plugin projectmanager (category:projectmanager,tabindex:3)
2024-11-13 21:49:22,152 [INFO] PluginManage:310 - Check plugin thirdparty
2024-11-13 21:49:22,985 [INFO] PluginManage:359 - Loaded plugin thirdparty (category:base,tabindex:-1)
2024-11-13 21:49:22,985 [WARN] IntegrityCheckThread:84 - waiting for thirdparty lock release [integrity check]
2024-11-13 21:49:22,986 [INFO] PluginManage:310 - Check plugin tools
2024-11-13 21:49:22,986 [INFO] IntegrityCheckThread:86 - entering critical section [integrity check]
2024-11-13 21:49:22,986 [INFO] ThirdPartyUpdaterWithRetryManager:70 - Updater plugin not ready yet. [1/15]
2024-11-13 21:49:23,047 [INFO] PluginManage:359 - Loaded plugin tools (category:base,tabindex:7)
2024-11-13 21:49:23,047 [INFO] PluginManage:310 - Check plugin tutovideos
2024-11-13 21:49:23,503 [INFO] PluginManage:359 - Loaded plugin tutovideos (category:base,tabindex:-1)
2024-11-13 21:49:23,503 [INFO] PluginManage:310 - Check plugin updater
2024-11-13 21:49:23,588 [INFO] PluginManage:359 - Loaded plugin updater (category:base,tabindex:12)
2024-11-13 21:49:23,588 [INFO] PluginManage:310 - Check plugin userauth
2024-11-13 21:49:23,605 [INFO] UserAuth:114 - Init User Auth plugin
2024-11-13 21:49:23,606 [INFO] PluginManage:359 - Loaded plugin userauth (category:base,tabindex:14)
2024-11-13 21:49:23,606 [INFO] PluginManage:283 - PluginManage : Loaded plugins [17]
2024-11-13 21:49:24,761 [INFO] PinOutPanel:1561 - setPackage(No Configuration,No Configuration)
2024-11-13 21:49:25,145 [INFO] CADModel:165 - CPN selected for project level
2024-11-13 21:49:25,145 [INFO] CADModel:114 - Register for checkConnection events
2024-11-13 21:49:25,343 [INFO] IPUIPlugin:80 - create IPUIPlugin
2024-11-13 21:49:25,343 [INFO] PluginManager:220 - loadIPPluginJar : add adc
2024-11-13 21:49:25,405 [INFO] IPUIPlugin:80 - create IPUIPlugin
2024-11-13 21:49:25,405 [INFO] PluginManager:220 - loadIPPluginJar : add aes
2024-11-13 21:49:25,467 [INFO] IPUIPlugin:80 - create IPUIPlugin
2024-11-13 21:49:25,467 [INFO] PluginManager:220 - loadIPPluginJar : add can
2024-11-13 21:49:25,554 [INFO] IPUIPlugin:80 - create IPUIPlugin
2024-11-13 21:49:25,554 [INFO] PluginManager:220 - loadIPPluginJar : add comp
2024-11-13 21:49:25,617 [INFO] IPUIPlugin:80 - create IPUIPlugin
2024-11-13 21:49:25,617 [INFO] PluginManager:220 - loadIPPluginJar : add cryp
2024-11-13 21:49:25,670 [INFO] IPUIPlugin:80 - create IPUIPlugin
2024-11-13 21:49:25,671 [INFO] PluginManager:220 - loadIPPluginJar : add dfsdm
2024-11-13 21:49:25,707 [INFO] IPUIPlugin:80 - create IPUIPlugin
2024-11-13 21:49:25,707 [INFO] PluginManager:220 - loadIPPluginJar : add dma
2024-11-13 21:49:25,762 [INFO] IPUIPlugin:80 - create IPUIPlugin
2024-11-13 21:49:25,762 [INFO] PluginManager:220 - loadIPPluginJar : add dma3
2024-11-13 21:49:25,832 [INFO] IPUIPlugin:80 - create IPUIPlugin
2024-11-13 21:49:25,833 [INFO] PluginManager:220 - loadIPPluginJar : add extmemmanager
2024-11-13 21:49:25,905 [INFO] IPUIPlugin:80 - create IPUIPlugin
2024-11-13 21:49:25,905 [INFO] PluginManager:220 - loadIPPluginJar : add fatfs
2024-11-13 21:49:25,988 [INFO] ThirdPartyUpdaterWithRetryManager:70 - Updater plugin not ready yet. [2/15]
2024-11-13 21:49:25,997 [INFO] IPUIPlugin:80 - create IPUIPlugin
2024-11-13 21:49:25,997 [INFO] PluginManager:220 - loadIPPluginJar : add fmc
2024-11-13 21:49:26,040 [INFO] IPUIPlugin:80 - create IPUIPlugin
2024-11-13 21:49:26,040 [INFO] PluginManager:220 - loadIPPluginJar : add freertos
2024-11-13 21:49:26,085 [INFO] IPUIPlugin:80 - create IPUIPlugin
2024-11-13 21:49:26,085 [INFO] PluginManager:220 - loadIPPluginJar : add genericplugin
2024-11-13 21:49:26,286 [INFO] IPUIPlugin:80 - create IPUIPlugin
2024-11-13 21:49:26,286 [INFO] PluginManager:220 - loadIPPluginJar : add gfxmmu
2024-11-13 21:49:26,426 [INFO] IPUIPlugin:80 - create IPUIPlugin
2024-11-13 21:49:26,426 [INFO] PluginManager:220 - loadIPPluginJar : add gic
2024-11-13 21:49:26,521 [INFO] IPUIPlugin:80 - create IPUIPlugin
2024-11-13 21:49:26,521 [INFO] PluginManager:220 - loadIPPluginJar : add gpio
2024-11-13 21:49:26,667 [INFO] IPUIPlugin:80 - create IPUIPlugin
2024-11-13 21:49:26,667 [INFO] PluginManager:220 - loadIPPluginJar : add gtzc
2024-11-13 21:49:26,700 [INFO] IPUIPlugin:80 - create IPUIPlugin
2024-11-13 21:49:26,700 [INFO] PluginManager:220 - loadIPPluginJar : add hash
2024-11-13 21:49:26,812 [INFO] IPUIPlugin:80 - create IPUIPlugin
2024-11-13 21:49:26,812 [INFO] PluginManager:220 - loadIPPluginJar : add i2c
2024-11-13 21:49:26,995 [INFO] IPUIPlugin:80 - create IPUIPlugin
2024-11-13 21:49:26,995 [INFO] PluginManager:220 - loadIPPluginJar : add i2s
2024-11-13 21:49:27,081 [INFO] IPUIPlugin:80 - create IPUIPlugin
2024-11-13 21:49:27,081 [INFO] PluginManager:220 - loadIPPluginJar : add i3c
2024-11-13 21:49:27,225 [INFO] IPUIPlugin:80 - create IPUIPlugin
2024-11-13 21:49:27,225 [INFO] PluginManager:220 - loadIPPluginJar : add ipddr
2024-11-13 21:49:27,416 [INFO] IPUIPlugin:80 - create IPUIPlugin
2024-11-13 21:49:27,416 [INFO] PluginManager:220 - loadIPPluginJar : add linkedlist
2024-11-13 21:49:27,466 [INFO] IPUIPlugin:80 - create IPUIPlugin
2024-11-13 21:49:27,466 [INFO] PluginManager:220 - loadIPPluginJar : add lorawan
2024-11-13 21:49:27,504 [INFO] IPUIPlugin:80 - create IPUIPlugin
2024-11-13 21:49:27,505 [INFO] PluginManager:220 - loadIPPluginJar : add ltdc
2024-11-13 21:49:27,578 [INFO] IPUIPlugin:80 - create IPUIPlugin
2024-11-13 21:49:27,578 [INFO] PluginManager:220 - loadIPPluginJar : add mdma
2024-11-13 21:49:27,601 [INFO] IPUIPlugin:80 - create IPUIPlugin
2024-11-13 21:49:27,601 [INFO] PluginManager:220 - loadIPPluginJar : add nvic
2024-11-13 21:49:27,657 [INFO] IPUIPlugin:80 - create IPUIPlugin
2024-11-13 21:49:27,657 [INFO] PluginManager:220 - loadIPPluginJar : add opamp
2024-11-13 21:49:27,731 [INFO] IPUIPlugin:80 - create IPUIPlugin
2024-11-13 21:49:27,731 [INFO] PluginManager:220 - loadIPPluginJar : add openamp
2024-11-13 21:49:27,839 [INFO] IPUIPlugin:80 - create IPUIPlugin
2024-11-13 21:49:27,839 [INFO] PluginManager:220 - loadIPPluginJar : add pdm2pcm
2024-11-13 21:49:27,866 [INFO] IPUIPlugin:80 - create IPUIPlugin
2024-11-13 21:49:27,868 [INFO] PluginManager:220 - loadIPPluginJar : add plateformsettings
2024-11-13 21:49:27,906 [INFO] IPUIPlugin:80 - create IPUIPlugin
2024-11-13 21:49:27,906 [INFO] PluginManager:220 - loadIPPluginJar : add quadspi
2024-11-13 21:49:27,947 [INFO] IPUIPlugin:80 - create IPUIPlugin
2024-11-13 21:49:27,947 [INFO] PluginManager:220 - loadIPPluginJar : add resmgrutility
2024-11-13 21:49:28,038 [INFO] IPUIPlugin:80 - create IPUIPlugin
2024-11-13 21:49:28,038 [INFO] PluginManager:220 - loadIPPluginJar : add sai
2024-11-13 21:49:28,099 [INFO] IPUIPlugin:80 - create IPUIPlugin
2024-11-13 21:49:28,099 [INFO] PluginManager:220 - loadIPPluginJar : add spi
2024-11-13 21:49:28,262 [INFO] IPUIPlugin:80 - create IPUIPlugin
2024-11-13 21:49:28,262 [INFO] PluginManager:220 - loadIPPluginJar : add stm32_wpan
2024-11-13 21:49:28,307 [INFO] IPUIPlugin:80 - create IPUIPlugin
2024-11-13 21:49:28,307 [INFO] PluginManager:220 - loadIPPluginJar : add tim
2024-11-13 21:49:28,388 [INFO] IPUIPlugin:80 - create IPUIPlugin
2024-11-13 21:49:28,388 [INFO] PluginManager:220 - loadIPPluginJar : add touchsensing
2024-11-13 21:49:28,431 [INFO] IPUIPlugin:80 - create IPUIPlugin
2024-11-13 21:49:28,431 [INFO] PluginManager:220 - loadIPPluginJar : add tracer_emb
2024-11-13 21:49:28,477 [INFO] IPUIPlugin:80 - create IPUIPlugin
2024-11-13 21:49:28,477 [INFO] PluginManager:220 - loadIPPluginJar : add ts
2024-11-13 21:49:28,575 [INFO] IPUIPlugin:80 - create IPUIPlugin
2024-11-13 21:49:28,575 [INFO] PluginManager:220 - loadIPPluginJar : add tsc
2024-11-13 21:49:28,617 [INFO] IPUIPlugin:80 - create IPUIPlugin
2024-11-13 21:49:28,617 [INFO] PluginManager:220 - loadIPPluginJar : add ucpd
2024-11-13 21:49:28,692 [INFO] IPUIPlugin:80 - create IPUIPlugin
2024-11-13 21:49:28,693 [INFO] PluginManager:220 - loadIPPluginJar : add usart
2024-11-13 21:49:28,765 [INFO] IPUIPlugin:80 - create IPUIPlugin
2024-11-13 21:49:28,766 [INFO] PluginManager:220 - loadIPPluginJar : add usbx
2024-11-13 21:49:28,990 [INFO] ThirdPartyUpdaterWithRetryManager:70 - Updater plugin not ready yet. [3/15]
2024-11-13 21:49:29,545 [INFO] CADModel:165 - CPN selected for project level
2024-11-13 21:49:29,545 [INFO] CADModel:114 - Register for checkConnection events
2024-11-13 21:49:29,545 [FATAL] Updater:308 - Updater called before beeing initialized
2024-11-13 21:49:29,562 [ERROR] CADModel:125 - Updater not yet initialized, retry later 
2024-11-13 21:49:31,910 [INFO] CADModel:165 - CPN selected for project level
2024-11-13 21:49:31,910 [INFO] CADModel:114 - Register for checkConnection events
2024-11-13 21:49:31,910 [FATAL] Updater:308 - Updater called before beeing initialized
2024-11-13 21:49:31,910 [ERROR] CADModel:125 - Updater not yet initialized, retry later 
2024-11-13 21:49:31,913 [FATAL] Updater:308 - Updater called before beeing initialized
2024-11-13 21:49:31,991 [FATAL] Updater:308 - Updater called before beeing initialized
2024-11-13 21:49:31,991 [ERROR] IntegrityCheckThread:130 - Cannot retrieve database content from updater: error 21
2024-11-13 21:49:31,992 [INFO] ThirdParty:978 - Integrity check success = false
2024-11-13 21:49:31,992 [INFO] IntegrityCheckThread:100 - exiting critical section [integrity check]
2024-11-13 21:49:31,992 [INFO] IntegrityCheckThread:103 - End integrity checks thread
2024-11-13 21:49:32,554 [FATAL] Updater:308 - Updater called before beeing initialized
2024-11-13 21:49:32,601 [INFO] DbMcusAds:53 - JSON generation date=Fri Sep 20 10:04:38 ART 2024 (1726837478367)
2024-11-13 21:49:32,601 [FATAL] Updater:308 - Updater called before beeing initialized
2024-11-13 21:49:33,409 [WARN] DetailPanel:346 - Failed to get advertising image, set to default
2024-11-13 21:49:33,655 [FATAL] Updater:308 - Updater called before beeing initialized
2024-11-13 21:49:33,690 [FATAL] Updater:308 - Updater called before beeing initialized
2024-11-13 21:49:33,690 [FATAL] Updater:308 - Updater called before beeing initialized
2024-11-13 21:49:33,690 [WARN] DetailPanel:346 - Failed to get advertising image, set to default
2024-11-13 21:49:33,691 [FATAL] Updater:308 - Updater called before beeing initialized
2024-11-13 21:49:33,970 [ERROR] Updater:1120 - MainUpdater not yet initialized. External WinMGr cannot be set.
2024-11-13 21:49:34,030 [INFO] Updater:1056 - Updater Version found : 6.11.1
2024-11-13 21:49:34,263 [INFO] ApplicationProperties:184 - Using Application install path: C:\ST\STM32CubeIDE_1.15.1\STM32CubeIDE\plugins\com.st.stm32cube.common.mx_6.11.1.202404110753
2024-11-13 21:49:37,158 [INFO] MainUpdater:2873 - connection check result : 10
2024-11-13 21:49:37,158 [INFO] MainUpdater:290 - Updater Check For Update Now.
2024-11-13 21:49:37,159 [INFO] MicroXplorer:498 - Change Database Version : DB.6.0.111
2024-11-13 21:49:37,357 [INFO] McuFinderGlobals:63 - Set McuFinder mode to 2 (CubeIDE integrated)
2024-11-13 21:49:37,613 [INFO] UserAuth:415 - Internet connection configuration mode: 1
2024-11-13 21:49:38,146 [INFO] JxBrowserEngine:152 - Initiate JxBrowser Engine with user profile folder
2024-11-13 21:49:38,213 [INFO] CheckServerUpdateThread:120 - End of CheckServer Thread
2024-11-13 21:50:28,896 [INFO] WebApp:161 - Instantiating new browser for Auth
2024-11-13 21:50:45,892 [INFO] WebApp:779 - Register for checkConnection events
2024-11-13 21:50:45,892 [INFO] WebApp:414 - Apply proxy settings
2024-11-13 21:50:45,892 [INFO] WebApp:499 - Chromium requires no authentication
2024-11-13 21:50:45,927 [INFO] WebApp:442 - Direct internet connection detected
2024-11-13 21:50:46,748 [INFO] WebApp:192 - Starting web application
2024-11-13 21:50:46,748 [INFO] WebApp:544 - Web application path used C:\ST\STM32CubeIDE_1.15.1\STM32CubeIDE\plugins\com.st.stm32cube.common.mx_6.11.1.202404110753\db\plugins\mcufinder\reactClient1\index.html
2024-11-13 21:57:04,972 [ERROR] LogOutputStream:75 - [STDERR_REDIRECT] 
