2024-08-05 00:00:16,836 [INFO] MainUpdater:2873 - connection check result : 10
2024-08-05 00:00:17,763 [INFO] McuFinderGlobals:76 - Set McuFinderConnectedMode to true
2024-08-05 00:00:17,764 [INFO] MultiScanPanel:200 - Auto-refresh data requested => check proxy status ongoing
2024-08-05 00:00:17,766 [INFO] FinderPluginLoader:95 - Searching for filters in installed packs
2024-08-05 00:00:18,580 [INFO] LoadUrlFilesThread:185 - End of LoadServerUrlFiles without Thread
2024-08-05 00:00:18,580 [INFO] DetailPanel:341 - Set advertising image to C:/Users/crist/STM32Cube/Repository/\en.prom-stm32h7rs-mcu-finder.jpg
2024-08-05 00:00:36,336 [INFO] MultiScanPanel:200 - Auto-refresh data requested => check proxy status ongoing
2024-08-05 00:00:36,563 [INFO] LoadUrlFilesThread:185 - End of LoadServerUrlFiles without Thread
2024-08-05 00:00:36,563 [INFO] DetailPanel:341 - Set advertising image to C:/Users/crist/STM32Cube/Repository/\en.prom-stm32h7rs-mcu-finder.jpg
2024-08-05 00:00:36,574 [INFO] DbBoards:642 - Loading board mini-images...
2024-08-05 00:00:43,055 [INFO] DbBoards:665 - Loaded 195 board mini-images
2024-08-05 00:00:49,880 [INFO] ApiDb:581 - Connected to CubeFinder SQLite database (C:\Users\crist\.stmcufinder\plugins\mcufinder\mcu\cube-finder-db.db)
2024-08-05 00:01:44,379 [INFO] ServerAccessManage:473 - Download File DB3171.pdf
2024-08-05 00:01:45,139 [INFO] LoadUrlFilesThread:156 - End of LoadUrlFiles Thread
2024-08-05 00:01:46,110 [INFO] BoardAction:139 - Datasheet
2024-08-05 00:03:07,585 [INFO] MainUpdater:2873 - connection check result : 10
2024-08-05 00:03:07,585 [INFO] MainUpdater:2873 - connection check result : 10
2024-08-05 00:03:07,899 [INFO] MicroXplorer:468 - Change Database Path : 
2024-08-05 00:03:07,899 [INFO] MicroXplorer:498 - Change Database Version : DB.6.0.111
2024-08-05 00:03:07,919 [WARN] ThirdParty:871 - waiting for thirdparty lock release [close project]
2024-08-05 00:03:07,919 [INFO] ThirdParty:873 - entering critical section [close project]
2024-08-05 00:03:07,945 [INFO] ThirdParty:883 - exiting critical section [close project]
2024-08-05 00:03:07,947 [INFO] PinOutPanel:1561 - setPackage(No Configuration,No Configuration)
2024-08-05 00:03:07,949 [INFO] UtilMem:75 - Begin LoadConfig() Used Memory: 858530208 Bytes (1073741824)
2024-08-05 00:03:08,097 [INFO] OpenFileManager:312 - Change cursor
2024-08-05 00:03:09,009 [INFO] ProjectFactory:442 - No CPN specified for board NUCLEO-F429ZI => set CPN to STM32F429ZIT6
2024-08-05 00:03:09,009 [INFO] Mcu:2021 - Initializing MCU STM32F429ZITx STM32F429ZITx STM32F429ZIT6
2024-08-05 00:03:14,267 [INFO] Context:663 - Trying to add GPIOservice into a context  which must be forbidden
2024-08-05 00:03:15,184 [INFO] Rule:228 - rule 117617 - U5Cobra4M][GTZC] default value MPCBB3 and MPCBB5 - Not Secured memory - MPCBB1 is applicable
2024-08-05 00:03:15,184 [INFO] Rule:228 - rule 117617 - U5Cobra4M][GTZC] default value MPCBB3 and MPCBB5 - Not Secured memory - MPCBB1 is applicable
2024-08-05 00:03:15,184 [INFO] Rule:228 - rule 117617 - U5Cobra4M][GTZC] default value MPCBB3 and MPCBB5 - Not Secured memory - MPCBB2 is applicable
2024-08-05 00:03:15,185 [INFO] Rule:228 - rule 117617 - U5Cobra4M][GTZC] default value MPCBB3 and MPCBB5 - Not Secured memory - MPCBB2 is applicable
2024-08-05 00:03:15,185 [INFO] Rule:228 - rule 117617 - U5Cobra4M][GTZC] default value MPCBB3 and MPCBB5 - Not Secured memory - MPCBB3 is applicable
2024-08-05 00:03:15,185 [INFO] Rule:228 - rule 117617 - U5Cobra4M][GTZC] default value MPCBB3 and MPCBB5 - Not Secured memory - MPCBB3 is applicable
2024-08-05 00:03:15,185 [INFO] Rule:228 - rule 117617 - U5Cobra4M][GTZC] default value MPCBB3 and MPCBB5 - Not Secured memory - MPCBB4 is applicable
2024-08-05 00:03:15,185 [INFO] Rule:228 - rule 117617 - U5Cobra4M][GTZC] default value MPCBB3 and MPCBB5 - Not Secured memory - MPCBB4 is applicable
2024-08-05 00:03:15,185 [INFO] Rule:228 - rule 117617 - U5Cobra4M][GTZC] default value MPCBB3 and MPCBB5 - Secured memory - MPCBB1 is applicable
2024-08-05 00:03:15,185 [INFO] Rule:228 - rule 117617 - U5Cobra4M][GTZC] default value MPCBB3 and MPCBB5 - Secured memory - MPCBB2 is applicable
2024-08-05 00:03:15,185 [INFO] Rule:228 - rule 117617 - U5Cobra4M][GTZC] default value MPCBB3 and MPCBB5 - Secured memory - MPCBB3 is applicable
2024-08-05 00:03:15,185 [INFO] Rule:228 - rule 117617 - U5Cobra4M][GTZC] default value MPCBB3 and MPCBB5 - Secured memory - MPCBB4 is applicable
2024-08-05 00:03:15,185 [INFO] Rule:228 - rule 117617 - U5Cobra4M][GTZC] default value MPCBB3 and MPCBB5 - Privileged memory - MPCBB1 is applicable
2024-08-05 00:03:15,185 [INFO] Rule:228 - rule 117617 - U5Cobra4M][GTZC] default value MPCBB3 and MPCBB5 - Privileged memory - MPCBB2 is applicable
2024-08-05 00:03:15,185 [INFO] Rule:228 - rule 117617 - U5Cobra4M][GTZC] default value MPCBB3 and MPCBB5 - Privileged memory - MPCBB3 is applicable
2024-08-05 00:03:15,186 [INFO] Rule:228 - rule 117617 - U5Cobra4M][GTZC] default value MPCBB3 and MPCBB5 - Privileged memory - MPCBB4 is applicable
2024-08-05 00:03:15,186 [INFO] Rule:228 - rule 117617 - U5Cobra4M][GTZC] default value MPCBB3 and MPCBB5 - Not Privileged memory - MPCBB1 is applicable
2024-08-05 00:03:15,186 [INFO] Rule:228 - rule 117617 - U5Cobra4M][GTZC] default value MPCBB3 and MPCBB5 - Not Privileged memory - MPCBB2 is applicable
2024-08-05 00:03:15,186 [INFO] Rule:228 - rule 117617 - U5Cobra4M][GTZC] default value MPCBB3 and MPCBB5 - Not Privileged memory - MPCBB3 is applicable
2024-08-05 00:03:15,186 [INFO] Rule:228 - rule 117617 - U5Cobra4M][GTZC] default value MPCBB3 and MPCBB5 - Not Privileged memory - MPCBB4 is applicable
2024-08-05 00:03:15,186 [INFO] Rule:228 - rule 117617 - U5Cobra4M][GTZC] default value MPCBB3 and MPCBB5 - Privileged memory - MPCBB1 is applicable
2024-08-05 00:03:15,186 [INFO] Rule:228 - rule 117617 - U5Cobra4M][GTZC] default value MPCBB3 and MPCBB5 - Privileged memory - MPCBB2 is applicable
2024-08-05 00:03:15,186 [INFO] Rule:228 - rule 117617 - U5Cobra4M][GTZC] default value MPCBB3 and MPCBB5 - Privileged memory - MPCBB3 is applicable
2024-08-05 00:03:15,186 [INFO] Rule:228 - rule 117617 - U5Cobra4M][GTZC] default value MPCBB3 and MPCBB5 - Privileged memory - MPCBB4 is applicable
2024-08-05 00:03:15,186 [INFO] Rule:228 - rule 117617 - U5Cobra4M][GTZC] default value MPCBB3 and MPCBB5 - Privileged memory - MPCBB1 is applicable
2024-08-05 00:03:15,186 [INFO] Rule:228 - rule 117617 - U5Cobra4M][GTZC] default value MPCBB3 and MPCBB5 - Privileged memory - MPCBB2 is applicable
2024-08-05 00:03:15,186 [INFO] Rule:228 - rule 117617 - U5Cobra4M][GTZC] default value MPCBB3 and MPCBB5 - Privileged memory - MPCBB3 is applicable
2024-08-05 00:03:15,186 [INFO] Rule:228 - rule 117617 - U5Cobra4M][GTZC] default value MPCBB3 and MPCBB5 - Privileged memory - MPCBB4 is applicable
2024-08-05 00:03:15,186 [INFO] Rule:228 - rule 117617 - U5Cobra4M][GTZC] default value MPCBB3 and MPCBB5 - Not Privileged memory - MPCBB1 is applicable
2024-08-05 00:03:15,187 [INFO] Rule:228 - rule 117617 - U5Cobra4M][GTZC] default value MPCBB3 and MPCBB5 - Not Privileged memory - MPCBB2 is applicable
2024-08-05 00:03:15,187 [INFO] Rule:228 - rule 117617 - U5Cobra4M][GTZC] default value MPCBB3 and MPCBB5 - Not Privileged memory - MPCBB3 is applicable
2024-08-05 00:03:15,187 [INFO] Rule:228 - rule 117617 - U5Cobra4M][GTZC] default value MPCBB3 and MPCBB5 - Not Privileged memory - MPCBB4 is applicable
2024-08-05 00:03:15,187 [INFO] Rule:228 - rule 117617 - U5Cobra4M][GTZC] default value MPCBB3 and MPCBB5 - Privileged memory - MPCBB1 is applicable
2024-08-05 00:03:15,187 [INFO] Rule:228 - rule 117617 - U5Cobra4M][GTZC] default value MPCBB3 and MPCBB5 - Privileged memory - MPCBB2 is applicable
2024-08-05 00:03:15,187 [INFO] Rule:228 - rule 117617 - U5Cobra4M][GTZC] default value MPCBB3 and MPCBB5 - Privileged memory - MPCBB3 is applicable
2024-08-05 00:03:15,187 [INFO] Rule:228 - rule 117617 - U5Cobra4M][GTZC] default value MPCBB3 and MPCBB5 - Privileged memory - MPCBB4 is applicable
2024-08-05 00:03:15,187 [INFO] Rule:228 - rule Rename SubGHz_Phy SUBGHZ_APPLICATION SUBGHZ_PINGPONG to SUBGHZ_ADV_APPLICATION is applicable
2024-08-05 00:03:15,187 [INFO] Rule:228 - rule Rename Enabled to IBEACON is applicable
2024-08-05 00:03:15,187 [INFO] Rule:228 - rule GTZC_S instance for project manager is applicable
2024-08-05 00:03:15,188 [INFO] Rule:228 - rule GTZC_S instance for context M33S is applicable
2024-08-05 00:03:15,188 [INFO] Rule:228 - rule GTZC_S instance value for IP GTZC is applicable
2024-08-05 00:03:15,188 [INFO] Rule:228 - rule GTZC_S instance for mcu.IP is applicable
2024-08-05 00:03:15,188 [INFO] Rule:228 - rule GTZC_S instance for VP is applicable
2024-08-05 00:03:15,189 [INFO] Rule:228 - rule GTZC_S instance for signal is applicable
2024-08-05 00:03:15,189 [INFO] Rule:228 - rule GTZC_S instance for mcu.Pin is applicable
2024-08-05 00:03:15,189 [INFO] Rule:228 - rule GTZC_S instance for VP is applicable
2024-08-05 00:03:15,189 [INFO] Rule:228 - rule GTZC_S instance for signal is applicable
2024-08-05 00:03:15,189 [INFO] Rule:228 - rule GTZC_S instance for mcu is applicable
2024-08-05 00:03:15,189 [INFO] Rule:228 - rule GTZC_S instance for mcu.Pin is applicable
2024-08-05 00:03:15,189 [INFO] Rule:228 - rule GTZC_S instance value for IP GTZC is applicable
2024-08-05 00:03:15,190 [INFO] Rule:228 - rule GTZC_S instance for project manager is applicable
2024-08-05 00:03:15,190 [INFO] Rule:228 - rule GTZC_S instance for context M33S is applicable
2024-08-05 00:03:15,190 [INFO] Rule:228 - rule GTZC_S instance for VP is applicable
2024-08-05 00:03:15,190 [INFO] Rule:228 - rule GTZC_S instance for signal is applicable
2024-08-05 00:03:15,190 [INFO] Rule:228 - rule SPDIFRX instance for mcu is applicable
2024-08-05 00:03:15,190 [INFO] Rule:228 - rule Rename Tracer Mode is applicable
2024-08-05 00:03:15,190 [INFO] Rule:228 - rule SPDIFRX instance value for IP SPDIFRX is applicable
2024-08-05 00:03:15,190 [INFO] Rule:228 - rule SPDIFRX instance for signal is applicable
2024-08-05 00:03:15,190 [INFO] Rule:228 - rule SPDIFRX instance for project manager is applicable
2024-08-05 00:03:15,190 [INFO] Rule:228 - rule SPDIFRX instance for project manager is applicable
2024-08-05 00:03:15,190 [INFO] Rule:228 - rule ADC Scan  fix with FW F7 is applicable
2024-08-05 00:03:15,190 [INFO] Rule:228 - rule ADC Scan  fix with FW F7 is applicable
2024-08-05 00:03:15,191 [INFO] Rule:228 - rule WakeUp0 Mode is applicable
2024-08-05 00:03:15,191 [INFO] Rule:228 - rule WakeUp0 SIGNAL is applicable
2024-08-05 00:03:15,191 [INFO] Rule:228 - rule WakeUp1 Mode is applicable
2024-08-05 00:03:15,191 [INFO] Rule:228 - rule WakeUp1 SIGNAL is applicable
2024-08-05 00:03:15,191 [INFO] Rule:228 - rule WakeUp2 Mode is applicable
2024-08-05 00:03:15,191 [INFO] Rule:228 - rule WakeUp2 SIGNAL is applicable
2024-08-05 00:03:15,191 [INFO] Rule:228 - rule WakeUp4 Mode is applicable
2024-08-05 00:03:15,191 [INFO] Rule:228 - rule WakeUp4 SIGNAL is applicable
2024-08-05 00:03:15,191 [INFO] Rule:228 - rule WakeUp5 Mode is applicable
2024-08-05 00:03:15,192 [INFO] Rule:228 - rule WakeUp5 SIGNAL is applicable
2024-08-05 00:03:15,192 [INFO] Rule:228 - rule Change Default Value for LSE Drive Capability for WB family is applicable
2024-08-05 00:03:15,192 [INFO] Rule:228 - rule Change Default Value for ADC Clock Prescaler G0 family is applicable
2024-08-05 00:03:15,192 [INFO] Rule:228 - rule Rename DIE462/DIE415 pin PC14/OSC32_IN -> PC14-OSC32_IN (PC14) is applicable
2024-08-05 00:03:15,192 [INFO] Rule:228 - rule Rename DIE462/DIE415 pin PC15/OSC32_OUT -> PC15-OSC32_OUT (PC15) is applicable
2024-08-05 00:03:15,192 [INFO] Rule:228 - rule Rename DIE462/DIE415 pin PH0/OSC_IN -> PH0-OSC_IN (PH0) is applicable
2024-08-05 00:03:15,192 [INFO] Rule:228 - rule Rename DIE462/DIE415 pin PH1/OSC_OUT -> PH1-OSC_OUT (PH1) is applicable
2024-08-05 00:03:15,192 [INFO] Rule:228 - rule Rename DIE462 pin PA13 -> PA13 (JTMS/SWDIO) is applicable
2024-08-05 00:03:15,192 [INFO] Rule:228 - rule Rename DIE415 pin PA13 -> PA13 (JTMS/SWDIO) is applicable
2024-08-05 00:03:15,192 [INFO] Rule:228 - rule Rename DIE462 pin PA14 -> PA14 (JTCK/SWCLK) is applicable
2024-08-05 00:03:15,193 [INFO] Rule:228 - rule Rename DIE415 pin PA14 -> PA14 (JTCK/SWCLK) is applicable
2024-08-05 00:03:15,193 [INFO] Rule:228 - rule Rename DIE462/DIE415 pin PA15 -> PA15 (JTDI) is applicable
2024-08-05 00:03:15,193 [INFO] Rule:228 - rule Rename DIE462 pin PB3 -> PB3 (JTD0/TRACESWO) is applicable
2024-08-05 00:03:15,193 [INFO] Rule:228 - rule Rename DIE415 pin PB3 -> PB3 (JTD0-TRACESWO) is applicable
2024-08-05 00:03:15,193 [INFO] Rule:228 - rule Rename DIE462/DIE415 pin PB4 -> PB4 (NJTRST) is applicable
2024-08-05 00:03:15,193 [INFO] Rule:228 - rule Rename DIE462 pin PH3/BOOT0 -> PH3-BOOT0 (BOOT0) is applicable
2024-08-05 00:03:15,193 [INFO] Rule:228 - rule Rename CRYP DataEncryptionTypesList to Algorithm is applicable
2024-08-05 00:03:15,193 [INFO] Rule:228 - rule Rename AES DataEncryptionTypesList to Algorithm is applicable
2024-08-05 00:03:15,193 [INFO] Rule:228 - rule Rename TDESECB to CRYP_TDES_ECB is applicable
2024-08-05 00:03:15,193 [INFO] Rule:228 - rule Rename TDESCBC to CRYP_TDES_CBC is applicable
2024-08-05 00:03:15,193 [INFO] Rule:228 - rule Rename DESECB to CRYP_DES_ECB is applicable
2024-08-05 00:03:15,193 [INFO] Rule:228 - rule Rename DESCBC to CRYP_DES_CBC is applicable
2024-08-05 00:03:15,193 [INFO] Rule:228 - rule Rename AESECB to CRYP_AES_ECB is applicable
2024-08-05 00:03:15,193 [INFO] Rule:228 - rule Rename AESCBC to CRYP_AES_CBC is applicable
2024-08-05 00:03:15,193 [INFO] Rule:228 - rule Rename AESCTR to CRYP_AES_CTR is applicable
2024-08-05 00:03:15,194 [INFO] Rule:228 - rule Rename AESGCM to CRYP_AES_GCM is applicable
2024-08-05 00:03:15,194 [INFO] Rule:228 - rule Rename AESCCM to CRYP_AES_CCM is applicable
2024-08-05 00:03:15,194 [INFO] Rule:228 - rule Rename CAN TimeSeg1 to BS1 is applicable
2024-08-05 00:03:15,194 [INFO] Rule:228 - rule Rename CAN TimeSeg2 to BS2 is applicable
2024-08-05 00:03:15,194 [INFO] Rule:228 - rule Rename CAN SyncJumpWidth to SJW is applicable
2024-08-05 00:03:15,194 [INFO] Rule:228 - rule TimeTriggeredMode to TTCM is applicable
2024-08-05 00:03:15,194 [INFO] Rule:228 - rule Rename CAN AutoBusOff to ABOM is applicable
2024-08-05 00:03:15,194 [INFO] Rule:228 - rule Rename CAN AutoWakeUp to AWUM is applicable
2024-08-05 00:03:15,194 [INFO] Rule:228 - rule Rename CAN AutoRetransmission to NART is applicable
2024-08-05 00:03:15,194 [INFO] Rule:228 - rule Rename CAN ReceiveFifoLocked to RFLM is applicable
2024-08-05 00:03:15,194 [INFO] Rule:228 - rule Rename CAN TransmitFifoPriority to TXFP is applicable
2024-08-05 00:03:15,194 [INFO] Rule:228 - rule Rename HRTIMER HRTIM_OUTPUTFAULTLEVEL_HIGH in HRTIMER HRTIM_OUTPUTFAULTLEVEL_HIGHZ is applicable
2024-08-05 00:03:15,194 [INFO] Rule:228 - rule Rename TIMER TIM_CLEARINPUTSOURCE_OCREFCLR in  TIMER TIM_CLEARINPUTSOURCE_NONE for F7 family is applicable
2024-08-05 00:03:15,194 [INFO] Rule:228 - rule FDCAN_R1 - Rename FDCAN mode Master into Classic is applicable
2024-08-05 00:03:15,194 [INFO] Rule:228 - rule FDCAN_R2 - Rename FDCAN mode Slave into Classic is applicable
2024-08-05 00:03:15,194 [INFO] Rule:228 - rule FDCAN1_R3 - if PA10.Mode=FullDuplex, add Pin PA12 is applicable
2024-08-05 00:03:15,194 [INFO] Rule:228 - rule FDCAN1_R3 - if PA9.Mode=FullDuplex, add Pin PA11 is applicable
2024-08-05 00:03:15,194 [INFO] Rule:228 - rule FDCAN1_R3 - Alternatepin_1 - if PE1.Mode=FullDuplex, add Pin PB9 is applicable
2024-08-05 00:03:15,194 [INFO] Rule:228 - rule FDCAN1_R3 - Alternatepin_1 - if PE0.Mode=FullDuplex, add Pin PB8 is applicable
2024-08-05 00:03:15,194 [INFO] Rule:228 - rule FDCAN1_R3 - Alternatepin_2 - if PD5.Mode=FullDuplex, add Pin PD1 is applicable
2024-08-05 00:03:15,194 [INFO] Rule:228 - rule FDCAN1_R3 - Alternatepin_2 - if PD4.Mode=FullDuplex, add Pin PD0 is applicable
2024-08-05 00:03:15,195 [INFO] Rule:228 - rule FDCAN1_R4 - Rename Mode FullDuplex into Enable FDCAN_TXFD for pin PA10 is applicable
2024-08-05 00:03:15,195 [INFO] Rule:228 - rule FDCAN1_R4 - Rename Mode FullDuplex into Enable FDCAN_TXFD for pin PA9 is applicable
2024-08-05 00:03:15,195 [INFO] Rule:228 - rule FDCAN1_R4 - Alternatepin_1 - Rename Mode FullDuplex into Enable FDCAN_TXFD for pin PE1 is applicable
2024-08-05 00:03:15,195 [INFO] Rule:228 - rule FDCAN1_R4 - Alternatepin_1 - Rename Mode FullDuplex into Enable FDCAN_TXFD for pin PE0 is applicable
2024-08-05 00:03:15,195 [INFO] Rule:228 - rule FDCAN1_R4 - Alternatepin_2 - Rename Mode FullDuplex into Enable FDCAN_TXFD for pin PD5 is applicable
2024-08-05 00:03:15,195 [INFO] Rule:228 - rule FDCAN1_R4 - Alternatepin_2 - Rename Mode FullDuplex into Enable FDCAN_TXFD for pin PD4 is applicable
2024-08-05 00:03:15,195 [INFO] Rule:228 - rule FDCAN2_R3 - if PD10.Mode=FullDuplex, add Pin PB13 is applicable
2024-08-05 00:03:15,195 [INFO] Rule:228 - rule FDCAN2_R3 - if PD9.Mode=FullDuplex, add Pin PB12 is applicable
2024-08-05 00:03:15,195 [INFO] Rule:228 - rule FDCAN2_R3 - Alternatepin_1 - if PB7.Mode=FullDuplex, add Pin PB6 is applicable
2024-08-05 00:03:15,195 [INFO] Rule:228 - rule FDCAN2_R3 - Alternatepin_1 - if PD9.Mode=FullDuplex, add Pin PB12 is applicable
2024-08-05 00:03:15,195 [INFO] Rule:228 - rule FDCAN2_R4 - Rename Mode FullDuplex into Enable FDCAN_TXFD for pin PD10 is applicable
2024-08-05 00:03:15,195 [INFO] Rule:228 - rule FDCAN2_R4 - Rename Mode FullDuplex into Enable FDCAN_TXFD for pin PD9 is applicable
2024-08-05 00:03:15,195 [INFO] Rule:228 - rule FDCAN2_R4 - Alternatepin_1 - Rename Mode FullDuplex into Enable FDCAN_TXFD for pin PB7 is applicable
2024-08-05 00:03:15,195 [INFO] Rule:228 - rule FDCAN2_R4 - Alternatepin_1 - Rename Mode FullDuplex into Enable FDCAN_TXFD for pin PD6 is applicable
2024-08-05 00:03:15,196 [INFO] Rule:228 - rule USART TxPinLevelInvertParam Mode is applicable
2024-08-05 00:03:15,196 [INFO] Rule:228 - rule USART RxPinLevelInvertParam Mode is applicable
2024-08-05 00:03:15,196 [INFO] Rule:228 - rule USART DataInvertParam Mode is applicable
2024-08-05 00:03:15,196 [INFO] Rule:228 - rule USART SwapParam Mode is applicable
2024-08-05 00:03:15,196 [INFO] Rule:228 - rule USART OverrunDisableParam Mode is applicable
2024-08-05 00:03:15,196 [INFO] Rule:228 - rule USART DMADisableonRxErrorParam Mode is applicable
2024-08-05 00:03:15,196 [INFO] Rule:228 - rule USART MSBFirstParam Mode is applicable
2024-08-05 00:03:15,196 [INFO] Rule:228 - rule Update MwName for USB_DEVICE is applicable
2024-08-05 00:03:15,196 [INFO] Rule:228 - rule Change PWR_Regulator_Voltage_Scale Default Value for RCC  H7 family is applicable
2024-08-05 00:03:15,196 [INFO] Rule:228 - rule UART/USART IPParameter rename Prescaler parameter to ClockPrescaler is applicable
2024-08-05 00:03:15,196 [INFO] Rule:228 - rule UART/USART Prescaler rename Prescaler parameter to ClockPrescaler is applicable
2024-08-05 00:03:15,196 [INFO] Rule:228 - rule TIM1CLockSelection is applicable
2024-08-05 00:03:15,197 [INFO] Rule:228 - rule TIM15CLockSelection is applicable
2024-08-05 00:03:15,197 [INFO] Rule:228 - rule align RCC SDMMC3CLockSelection default value on MP1 is applicable
2024-08-05 00:03:15,197 [INFO] Rule:228 - rule align RCC SDMMC12CLockSelection default value on MP1 is applicable
2024-08-05 00:03:15,197 [INFO] Rule:228 - rule align RCC QSPICLockSelection default value on MP1 is applicable
2024-08-05 00:03:15,197 [INFO] Rule:228 - rule align RCC QSPICLockSelection default value on MP1 is applicable
2024-08-05 00:03:15,197 [INFO] Rule:228 - rule align RCC SPI6CLockSelection default value on MP1 is applicable
2024-08-05 00:03:15,197 [INFO] Rule:228 - rule align RCC LPTIM23CLockSelection default value on MP1 is applicable
2024-08-05 00:03:15,197 [INFO] Rule:228 - rule align RCC LPTIM1CLockSelection default value on MP1 is applicable
2024-08-05 00:03:15,197 [INFO] Rule:228 - rule align RCC USART1CLockSelection default value on MP1 is applicable
2024-08-05 00:03:15,197 [INFO] Rule:228 - rule align RCC USART24CLockSelection default value on MP1 is applicable
2024-08-05 00:03:15,197 [INFO] Rule:228 - rule align RCC USART6CLockSelection default value on MP1 is applicable
2024-08-05 00:03:15,197 [INFO] Rule:228 - rule align RCC UART78CLockSelection default value on MP1 is applicable
2024-08-05 00:03:15,197 [INFO] Rule:228 - rule align RCC USART35CLockSelection default value on MP1 is applicable
2024-08-05 00:03:15,198 [INFO] Rule:228 - rule align RCC SPI45CLockSelection default value on MP1 is applicable
2024-08-05 00:03:15,198 [INFO] Rule:228 - rule align RCC I2C46CLockSelection BCLK value on MP1 is applicable
2024-08-05 00:03:15,198 [INFO] Rule:228 - rule align RCC SPI45CLockSelection default value on MP1 is applicable
2024-08-05 00:03:15,198 [INFO] Rule:228 - rule align RCC I2C12CLockSelection default value on MP1 is applicable
2024-08-05 00:03:15,198 [INFO] Rule:228 - rule align RCC I2C35CLockSelection default value on MP1 is applicable
2024-08-05 00:03:15,198 [INFO] Rule:228 - rule align RCC LPTIM45CLockSelection default value on MP1 is applicable
2024-08-05 00:03:15,198 [INFO] Rule:228 - rule Rename DCMI PIXCK signal is applicable
2024-08-05 00:03:15,198 [INFO] Rule:228 - rule Change Default Value for I2C46CLockSelection MP1 family is applicable
2024-08-05 00:03:15,198 [INFO] Rule:228 - rule Change Default Value for UART for G4, G0 and WB families is applicable
2024-08-05 00:03:15,198 [INFO] Rule:228 - rule Change Default Value for USART for G4, G0 and WB families is applicable
2024-08-05 00:03:15,198 [INFO] Rule:228 - rule Change Default Value for USART for G4 family is applicable
2024-08-05 00:03:15,198 [INFO] Rule:228 - rule Change USART1CLockSelection refparam name for MP1 is applicable
2024-08-05 00:03:15,198 [INFO] Rule:228 - rule Change USART2CLockSelection refparam name for MP1 is applicable
2024-08-05 00:03:15,199 [INFO] Rule:228 - rule Change USART3CLockSelection refparam name for MP1 is applicable
2024-08-05 00:03:15,199 [INFO] Rule:228 - rule Change UART4CLockSelection refparam name for MP1 is applicable
2024-08-05 00:03:15,199 [INFO] Rule:228 - rule Change UART5CLockSelection refparam name for MP1 is applicable
2024-08-05 00:03:15,199 [INFO] Rule:228 - rule Change LPUART1CLockSelection refparam name for MP1 is applicable
2024-08-05 00:03:15,199 [INFO] Rule:228 - rule Change LPTIM1CLockSelection refparam name for MP1 is applicable
2024-08-05 00:03:15,199 [INFO] Rule:228 - rule Change LPTIM2CLockSelection refparam name for MP1 is applicable
2024-08-05 00:03:15,199 [INFO] Rule:228 - rule Change RCC_MCO1Source refparam name for MP1 is applicable
2024-08-05 00:03:15,199 [INFO] Rule:228 - rule Change LSCOSource1 refparam name for MP1 is applicable
2024-08-05 00:03:15,199 [INFO] Rule:228 - rule Change SMPSCLockSelection refparam name for MP1 is applicable
2024-08-05 00:03:15,199 [INFO] Rule:228 - rule Change LPTIM3CLockSelection refparam name for MP1 is applicable
2024-08-05 00:03:15,199 [INFO] Rule:228 - rule Change MPCBB* Default Template Mode to Parameters is applicable
2024-08-05 00:03:15,199 [INFO] Rule:228 - rule Change MPCWM* or MPCBB* Secure Mode to Parameters is applicable
2024-08-05 00:03:15,200 [INFO] Rule:228 - rule Change MPCWM* or MPCBB* No Secure Mode to Parameters is applicable
2024-08-05 00:03:15,200 [INFO] Rule:228 - rule Change TZSC IP Secure Mode to Parameters is applicable
2024-08-05 00:03:15,200 [INFO] Rule:228 - rule Change TZSC IP No Secure Mode to Parameters is applicable
2024-08-05 00:03:15,200 [INFO] Rule:228 - rule Change TZSC IP Privilege Mode to Parameters is applicable
2024-08-05 00:03:15,200 [INFO] Rule:228 - rule Change TZSC IP No Privilege Mode to Parameters is applicable
2024-08-05 00:03:15,200 [INFO] Rule:228 - rule Change TZIC IT Secure Mode to Parameters is applicable
2024-08-05 00:03:15,200 [INFO] Rule:228 - rule Change TZIC IT No Secure Mode to Parameters is applicable
2024-08-05 00:03:15,200 [INFO] Rule:228 - rule Add MPCBB1_NonSecureArea_Start_Address value with referenced to MPCBB1_NonSecureArea_Start value is applicable
2024-08-05 00:03:15,200 [INFO] Rule:228 - rule Add MPCBB2_NonSecureArea_Start_Address value with referenced to MPCBB2_NonSecureArea_Start value is applicable
2024-08-05 00:03:15,200 [INFO] Rule:228 - rule Add MPCWM1_NonSecureArea*_Start_Address value with referenced to MPCWM1_NonSecureArea*_Start value is applicable
2024-08-05 00:03:15,200 [INFO] Rule:228 - rule Add MPCWM2_NonSecureArea*_Start_Address value with referenced to MPCWM2_NonSecureArea*_Start value is applicable
2024-08-05 00:03:15,200 [INFO] Rule:228 - rule Add MPCWM3_NonSecureArea_Start_Address value with referenced to MPCWM3_NonSecureArea_Start value is applicable
2024-08-05 00:03:15,200 [INFO] Rule:228 - rule Change Default Value for PLL1UserDefinedConfig is applicable
2024-08-05 00:03:15,201 [INFO] Rule:228 - rule Change GPIO_PuPd Default Value for USART in async mode is applicable
2024-08-05 00:03:15,201 [INFO] Rule:228 - rule Change SMPSDivider Default Value is applicable
2024-08-05 00:03:15,201 [INFO] Rule:228 - rule OPAMP is applicable
2024-08-05 00:03:15,201 [INFO] Rule:228 - rule LPUART IPParameter rename Prescaler parameter to ClockPrescaler for STM32H7 is applicable
2024-08-05 00:03:15,201 [INFO] Rule:228 - rule LPUART IPParameter rename Prescaler parameter to ClockPrescaler for STM32H7 is applicable
2024-08-05 00:03:15,201 [INFO] Rule:228 - rule LPUART IPParameter rename Prescaler parameter to ClockPrescaler for STM32WB is applicable
2024-08-05 00:03:15,201 [INFO] Rule:228 - rule LPUART IPParameter rename Prescaler parameter to ClockPrescaler for STM32WB is applicable
2024-08-05 00:03:15,201 [INFO] Rule:228 - rule LPUART IPParameter rename Prescaler parameter to ClockPrescaler for STM32G4 is applicable
2024-08-05 00:03:15,201 [INFO] Rule:228 - rule LPUART IPParameter rename Prescaler parameter to ClockPrescaler for STM32G4 is applicable
2024-08-05 00:03:15,201 [INFO] Rule:228 - rule LPUART IPParameter rename Prescaler parameter to ClockPrescaler for STM32L5 is applicable
2024-08-05 00:03:15,201 [INFO] Rule:228 - rule LPUART IPParameter rename Prescaler parameter to ClockPrescaler for STM32L5 is applicable
2024-08-05 00:03:15,202 [INFO] Rule:228 - rule LPUART IPParameter rename Prescaler parameter to ClockPrescaler for STM32G4 is applicable
2024-08-05 00:03:15,202 [INFO] Rule:228 - rule LPUART IPParameter rename Prescaler parameter to ClockPrescaler for STM32G4 is applicable
2024-08-05 00:03:15,202 [INFO] Rule:228 - rule USB device lib V2.5.3 for L0 rename USBD_SUPPORT_USER_STRING parameter to USBD_SUPPORT_USER_STRING_DESC4 is applicable
2024-08-05 00:03:15,202 [INFO] Rule:228 - rule I2SCLockSelection clock entry align is applicable
2024-08-05 00:03:15,202 [INFO] Rule:228 - rule Assign TIMx context if used as SYS timebase is applicable
2024-08-05 00:03:15,202 [INFO] Rule:228 - rule Change GPIO_Pu Default Value for I2C is applicable
2024-08-05 00:03:15,202 [INFO] Rule:228 - rule Change GPIO_Pu Default Value for SMBus is applicable
2024-08-05 00:03:15,202 [INFO] Rule:228 - rule change FDCAN default value is applicable
2024-08-05 00:03:15,202 [INFO] Rule:228 - rule Change mode sai is applicable
2024-08-05 00:03:15,202 [INFO] Rule:228 - rule **Change sai mode is applicable
2024-08-05 00:03:15,202 [INFO] Rule:228 - rule Rename STM32WPAN CFG_BLE_IRK to CFG_BLE_IR is applicable
2024-08-05 00:03:15,202 [INFO] Rule:228 - rule Rename STM32WPAN CFG_BLE_ERK to CFG_BLE_ER is applicable
2024-08-05 00:03:15,202 [INFO] Rule:228 - rule Rename STM32WPAN CFG_BLE_IRK_HEX to CFG_BLE_IR_HEX is applicable
2024-08-05 00:03:15,202 [INFO] Rule:228 - rule Rename STM32WPAN CFG_BLE_ERK_HEX to CFG_BLE_ER_HEX is applicable
2024-08-05 00:03:15,224 [INFO] DbConfProperties:307 - Apply Compatibility (31/219 Rules)
2024-08-05 00:03:15,299 [INFO] ImportTextPane:194 - (OptionalMessage_ERROR) Unable to find key (Mcu.ThirdPartyNb) in loaded IOC file
2024-08-05 00:03:15,500 [INFO] RtosManager:555 - Registered RTOS mode: class=CMSIS, group=RTOS, mode=CMSIS_V1, owner=FREERTOS
2024-08-05 00:03:15,501 [INFO] RtosManager:555 - Registered RTOS mode: class=CMSIS, group=RTOS2, mode=CMSIS_V2, owner=FREERTOS
2024-08-05 00:03:15,501 [INFO] RtosManager:555 - Registered RTOS mode: class=RTOS, group=Core, mode=CMSIS_V1, owner=FREERTOS
2024-08-05 00:03:15,501 [INFO] RtosManager:555 - Registered RTOS mode: class=RTOS, group=Core, mode=CMSIS_V2, owner=FREERTOS
2024-08-05 00:03:15,501 [WARN] ModelIntegratedComponent:184 - Missing modes for component STMicroelectronics:FreeRTOS:0.0.1:STMicroelectronics:RTOS:FreeRTOS:Core:::10.2.0:
2024-08-05 00:03:15,534 [WARN] ModelIntegratedComponent:63 - No mode defined for component null
2024-08-05 00:03:15,534 [WARN] ModelIntegratedComponent:63 - No mode defined for component null
2024-08-05 00:03:15,534 [WARN] ModelIntegratedComponent:63 - No mode defined for component null
2024-08-05 00:03:15,534 [WARN] ModelIntegratedComponent:63 - No mode defined for component null
2024-08-05 00:03:15,535 [WARN] ModelIntegratedComponent:63 - No mode defined for component null
2024-08-05 00:03:15,535 [WARN] ModelIntegratedComponent:63 - No mode defined for component null
2024-08-05 00:03:15,535 [WARN] ModelIntegratedComponent:63 - No mode defined for component null
2024-08-05 00:03:15,535 [WARN] ModelIntegratedComponent:63 - No mode defined for component null
2024-08-05 00:03:15,535 [WARN] ModelIntegratedComponent:63 - No mode defined for component null
2024-08-05 00:03:15,535 [WARN] ModelIntegratedComponent:63 - No mode defined for component null
2024-08-05 00:03:15,535 [WARN] ModelIntegratedComponent:63 - No mode defined for component null
2024-08-05 00:03:15,535 [WARN] ModelIntegratedComponent:63 - No mode defined for component null
2024-08-05 00:03:15,535 [WARN] ModelIntegratedComponent:63 - No mode defined for component null
2024-08-05 00:03:15,535 [WARN] ModelIntegratedComponent:63 - No mode defined for component null
2024-08-05 00:03:15,535 [WARN] ModelIntegratedComponent:63 - No mode defined for component null
2024-08-05 00:03:15,535 [WARN] ModelIntegratedComponent:63 - No mode defined for component null
2024-08-05 00:03:15,535 [WARN] ModelIntegratedComponent:63 - No mode defined for component null
2024-08-05 00:03:15,535 [WARN] ModelIntegratedComponent:63 - No mode defined for component null
2024-08-05 00:03:15,535 [WARN] ModelIntegratedComponent:63 - No mode defined for component null
2024-08-05 00:03:15,535 [WARN] ModelIntegratedComponent:63 - No mode defined for component null
2024-08-05 00:03:15,535 [WARN] ModelIntegratedComponent:63 - No mode defined for component null
2024-08-05 00:03:15,535 [WARN] ModelIntegratedComponent:63 - No mode defined for component null
2024-08-05 00:03:15,535 [WARN] ModelIntegratedComponent:63 - No mode defined for component null
2024-08-05 00:03:15,536 [WARN] ModelIntegratedComponent:63 - No mode defined for component null
2024-08-05 00:03:15,536 [WARN] ModelIntegratedComponent:63 - No mode defined for component null
2024-08-05 00:03:15,536 [WARN] ModelIntegratedComponent:63 - No mode defined for component null
2024-08-05 00:03:15,536 [WARN] ModelIntegratedComponent:63 - No mode defined for component null
2024-08-05 00:03:15,536 [WARN] ModelIntegratedComponent:63 - No mode defined for component null
2024-08-05 00:03:15,536 [WARN] ModelIntegratedComponent:63 - No mode defined for component null
2024-08-05 00:03:15,536 [WARN] ModelIntegratedComponent:63 - No mode defined for component null
2024-08-05 00:03:15,536 [WARN] ModelIntegratedComponent:63 - No mode defined for component null
2024-08-05 00:03:15,536 [WARN] ModelIntegratedComponent:63 - No mode defined for component null
2024-08-05 00:03:15,536 [WARN] ModelIntegratedComponent:63 - No mode defined for component null
2024-08-05 00:03:15,536 [WARN] ModelIntegratedComponent:63 - No mode defined for component null
2024-08-05 00:03:15,676 [INFO] ThirdPartyModel:298 - Start build external matchings
2024-08-05 00:03:16,239 [INFO] ThirdPartyModel:316 - End build external matchings
2024-08-05 00:03:16,250 [INFO] ImportTextPane:194 - (OptionalMessage_ERROR) IP (ETH) : Invalid parameter (PHY_Name)
2024-08-05 00:03:16,251 [INFO] ImportTextPane:194 - (OptionalMessage_ERROR) IP (ETH) : Invalid parameter (PHY_Value)
2024-08-05 00:03:16,251 [INFO] ImportTextPane:194 - (OptionalMessage_ERROR) IP (ETH) : Invalid parameter (PhyAddress)
2024-08-05 00:03:16,252 [INFO] ImportTextPane:194 - (OptionalMessage_ERROR) IP (RCC) : Invalid parameter (ADC12outputFreq_Value)
2024-08-05 00:03:16,252 [INFO] ImportTextPane:194 - (OptionalMessage_ERROR) IP (RCC) : Invalid parameter (ADC34outputFreq_Value)
2024-08-05 00:03:16,252 [INFO] ImportTextPane:194 - (OptionalMessage_ERROR) IP (RCC) : Invalid parameter (FamilyName)
2024-08-05 00:03:16,252 [INFO] ImportTextPane:194 - (OptionalMessage_ERROR) IP (RCC) : Invalid parameter (I2C1Freq_Value)
2024-08-05 00:03:16,252 [INFO] ImportTextPane:194 - (OptionalMessage_ERROR) IP (RCC) : Invalid parameter (I2C2Freq_Value)
2024-08-05 00:03:16,252 [INFO] ImportTextPane:194 - (OptionalMessage_ERROR) IP (RCC) : Invalid parameter (I2C3Freq_Value)
2024-08-05 00:03:16,253 [INFO] ImportTextPane:194 - (OptionalMessage_ERROR) IP (RCC) : Parameter (MCO2PinFreq_Value) has invalid value (168000000)
2024-08-05 00:03:16,253 [INFO] ImportTextPane:194 - (OptionalMessage_ERROR) IP (RCC) : Invalid parameter (MCOFreq_Value)
2024-08-05 00:03:16,253 [INFO] ImportTextPane:194 - (OptionalMessage_ERROR) IP (RCC) : Invalid parameter (PLLMCOFreq_Value)
2024-08-05 00:03:16,253 [INFO] ImportTextPane:194 - (OptionalMessage_ERROR) IP (RCC) : Invalid parameter (PLLMUL)
2024-08-05 00:03:16,253 [INFO] ImportTextPane:194 - (OptionalMessage_ERROR) IP (RCC) : Invalid parameter (PRESCALERUSB)
2024-08-05 00:03:16,253 [INFO] ImportTextPane:194 - (OptionalMessage_ERROR) IP (RCC) : Parameter (RTCHSEDivFreq_Value) has invalid value (4000000)
2024-08-05 00:03:16,253 [INFO] ImportTextPane:194 - (OptionalMessage_ERROR) IP (RCC) : Invalid parameter (SYSCLKSourceVirtual)
2024-08-05 00:03:16,253 [INFO] ImportTextPane:194 - (OptionalMessage_ERROR) IP (RCC) : Invalid parameter (TIM15Freq_Value)
2024-08-05 00:03:16,253 [INFO] ImportTextPane:194 - (OptionalMessage_ERROR) IP (RCC) : Invalid parameter (TIM16Freq_Value)
2024-08-05 00:03:16,253 [INFO] ImportTextPane:194 - (OptionalMessage_ERROR) IP (RCC) : Invalid parameter (TIM17Freq_Value)
2024-08-05 00:03:16,254 [INFO] ImportTextPane:194 - (OptionalMessage_ERROR) IP (RCC) : Invalid parameter (TIM1Freq_Value)
2024-08-05 00:03:16,254 [INFO] ImportTextPane:194 - (OptionalMessage_ERROR) IP (RCC) : Invalid parameter (TIM20Freq_Value)
2024-08-05 00:03:16,254 [INFO] ImportTextPane:194 - (OptionalMessage_ERROR) IP (RCC) : Invalid parameter (TIM2Freq_Value)
2024-08-05 00:03:16,254 [INFO] ImportTextPane:194 - (OptionalMessage_ERROR) IP (RCC) : Invalid parameter (TIM3Freq_Value)
2024-08-05 00:03:16,254 [INFO] ImportTextPane:194 - (OptionalMessage_ERROR) IP (RCC) : Invalid parameter (TIM8Freq_Value)
2024-08-05 00:03:16,254 [INFO] ImportTextPane:194 - (OptionalMessage_ERROR) IP (RCC) : Invalid parameter (UART4Freq_Value)
2024-08-05 00:03:16,254 [INFO] ImportTextPane:194 - (OptionalMessage_ERROR) IP (RCC) : Invalid parameter (UART5Freq_Value)
2024-08-05 00:03:16,254 [INFO] ImportTextPane:194 - (OptionalMessage_ERROR) IP (RCC) : Invalid parameter (USART1Freq_Value)
2024-08-05 00:03:16,254 [INFO] ImportTextPane:194 - (OptionalMessage_ERROR) IP (RCC) : Invalid parameter (USART2Freq_Value)
2024-08-05 00:03:16,254 [INFO] ImportTextPane:194 - (OptionalMessage_ERROR) IP (RCC) : Invalid parameter (USART3Freq_Value)
2024-08-05 00:03:16,254 [INFO] ImportTextPane:194 - (OptionalMessage_ERROR) IP (RCC) : Invalid parameter (USBFreq_Value)
2024-08-05 00:03:16,254 [INFO] ImportTextPane:194 - (OptionalMessage_ERROR) IP (RCC) : Invalid parameter (VCOOutput2Freq_Value)
2024-08-05 00:03:16,669 [INFO] UtilMem:75 - End LoadConfig() Used Memory: 876721040 Bytes (1073741824)
2024-08-05 00:03:18,538 [WARN] ThirdParty:833 - waiting for thirdparty lock release [change project]
2024-08-05 00:03:18,538 [INFO] ThirdParty:835 - entering critical section [change project]
2024-08-05 00:03:18,538 [INFO] ThirdParty:1030 - CMSIS Pack Vendor :STMicroelectronics USBPD 4.1
2024-08-05 00:03:18,538 [INFO] ThirdParty:1030 - CMSIS Pack Vendor :STMicroelectronics X-CUBE-GNSS1 6.0.0
2024-08-05 00:03:18,538 [INFO] ThirdParty:1030 - CMSIS Pack Vendor :STMicroelectronics USB_HOST 2.0.0
2024-08-05 00:03:18,538 [INFO] ThirdParty:1030 - CMSIS Pack Vendor :STMicroelectronics FP-SNS-MOTENVWB1 1.4.0
2024-08-05 00:03:18,538 [INFO] ThirdParty:1030 - CMSIS Pack Vendor :STMicroelectronics X-CUBE-AZRTOS-F4 1.1.0
2024-08-05 00:03:18,538 [INFO] ThirdParty:1030 - CMSIS Pack Vendor :STMicroelectronics LIBJPEG 8.0.0
2024-08-05 00:03:18,538 [INFO] ThirdParty:1030 - CMSIS Pack Vendor :STMicroelectronics X-CUBE-SMBUS 2.1.0
2024-08-05 00:03:18,538 [INFO] ThirdParty:1030 - CMSIS Pack Vendor :STMicroelectronics USB_DEVICE 3.0.0
2024-08-05 00:03:18,538 [INFO] ThirdParty:1030 - CMSIS Pack Vendor :STMicroelectronics X-CUBE-TCPP 4.1.0
2024-08-05 00:03:18,538 [INFO] ThirdParty:1030 - CMSIS Pack Vendor :STMicroelectronics X-CUBE-FREERTOS 1.2.0
2024-08-05 00:03:18,538 [INFO] ThirdParty:1030 - CMSIS Pack Vendor :STMicroelectronics X-CUBE-AZRTOS-WB 2.0.0
2024-08-05 00:03:18,538 [INFO] ThirdParty:1030 - CMSIS Pack Vendor :STMicroelectronics X-CUBE-AZRTOS-F7 1.1.0
2024-08-05 00:03:18,538 [INFO] ThirdParty:1030 - CMSIS Pack Vendor :STMicroelectronics X-CUBE-AZRTOS-L5 2.0.0
2024-08-05 00:03:18,538 [INFO] ThirdParty:1030 - CMSIS Pack Vendor :STMicroelectronics USB_DEVICE 2.0.0
2024-08-05 00:03:18,538 [INFO] ThirdParty:1030 - CMSIS Pack Vendor :STMicroelectronics X-CUBE-NFC6 3.1.0
2024-08-05 00:03:18,538 [INFO] ThirdParty:1030 - CMSIS Pack Vendor :STMicroelectronics FP-SNS-STBOX1 2.0.0
2024-08-05 00:03:18,539 [INFO] ThirdParty:1030 - CMSIS Pack Vendor :STMicroelectronics FreeRTOS 0.0.1
2024-08-05 00:03:18,539 [INFO] ThirdParty:1030 - CMSIS Pack Vendor :STMicroelectronics X-CUBE-AZRTOS-G0 1.1.0
2024-08-05 00:03:18,539 [INFO] ThirdParty:1030 - CMSIS Pack Vendor :STMicroelectronics X-CUBE-SAFEA1 1.2.2
2024-08-05 00:03:18,539 [INFO] ThirdParty:1030 - CMSIS Pack Vendor :STMicroelectronics X-CUBE-NFC4 3.0.0
2024-08-05 00:03:18,539 [INFO] ThirdParty:1030 - CMSIS Pack Vendor :STMicroelectronics X-CUBE-DPower 1.2.0
2024-08-05 00:03:18,539 [INFO] ThirdParty:1030 - CMSIS Pack Vendor :STMicroelectronics X-CUBE-SUBG2 5.0.0
2024-08-05 00:03:18,539 [INFO] ThirdParty:1030 - CMSIS Pack Vendor :STMicroelectronics STM32_WPAN 1.0.0
2024-08-05 00:03:18,539 [INFO] ThirdParty:1030 - CMSIS Pack Vendor :EmbeddedOffice I-CUBE-FS-RTOS 1.0.1
2024-08-05 00:03:18,539 [INFO] ThirdParty:1030 - CMSIS Pack Vendor :STMicroelectronics lwIP 2.0.3
2024-08-05 00:03:18,539 [INFO] ThirdParty:1030 - CMSIS Pack Vendor :STMicroelectronics FP-SNS-FLIGHT1 5.0.2
2024-08-05 00:03:18,539 [INFO] ThirdParty:1030 - CMSIS Pack Vendor :Cesanta I-CUBE-Mongoose 7.13.0
2024-08-05 00:03:18,539 [INFO] ThirdParty:1030 - CMSIS Pack Vendor :STMicroelectronics USB_HOST 1.0.0
2024-08-05 00:03:18,539 [INFO] ThirdParty:1030 - CMSIS Pack Vendor :STMicroelectronics X-CUBE-AI 9.0.0
2024-08-05 00:03:18,539 [INFO] ThirdParty:1030 - CMSIS Pack Vendor :STMicroelectronics X-CUBE-AZRTOS-G4 2.0.0
2024-08-05 00:03:18,539 [INFO] ThirdParty:1030 - CMSIS Pack Vendor :STMicroelectronics PDM2PCM 3.1.0
2024-08-05 00:03:18,539 [INFO] ThirdParty:1030 - CMSIS Pack Vendor :STMicroelectronics PDM2PCM 3.3.0
2024-08-05 00:03:18,539 [INFO] ThirdParty:1030 - CMSIS Pack Vendor :STMicroelectronics X-CUBE-DISPLAY 3.0.0
2024-08-05 00:03:18,539 [INFO] ThirdParty:1030 - CMSIS Pack Vendor :RealThread X-CUBE-RT-Thread_Nano 4.1.1
2024-08-05 00:03:18,539 [INFO] ThirdParty:1030 - CMSIS Pack Vendor :wolfSSL I-CUBE-wolfSSL 5.7.0
2024-08-05 00:03:18,539 [INFO] ThirdParty:1030 - CMSIS Pack Vendor :STMicroelectronics X-CUBE-BLE1 7.0.0
2024-08-05 00:03:18,539 [INFO] ThirdParty:1030 - CMSIS Pack Vendor :STMicroelectronics FP-ATR-SIGFOX1 3.2.0
2024-08-05 00:03:18,539 [INFO] ThirdParty:1030 - CMSIS Pack Vendor :STMicroelectronics X-CUBE-ISPU 2.0.0
2024-08-05 00:03:18,539 [INFO] ThirdParty:1030 - CMSIS Pack Vendor :STMicroelectronics X-CUBE-EEPRMA1 5.1.0
2024-08-05 00:03:18,539 [INFO] ThirdParty:1030 - CMSIS Pack Vendor :STMicroelectronics HAL Drivers 0.0.0
2024-08-05 00:03:18,539 [INFO] ThirdParty:1030 - CMSIS Pack Vendor :STMicroelectronics MBEDTLS 2.16.2
2024-08-05 00:03:18,539 [INFO] ThirdParty:1030 - CMSIS Pack Vendor :STMicroelectronics X-CUBE-ALS 1.0.2
2024-08-05 00:03:18,539 [INFO] ThirdParty:1030 - CMSIS Pack Vendor :emotas I-CUBE-CANOPEN 1.3.0
2024-08-05 00:03:18,539 [INFO] ThirdParty:1030 - CMSIS Pack Vendor :STMicroelectronics X-CUBE-MEMS1 10.0.0
2024-08-05 00:03:18,539 [INFO] ThirdParty:1030 - CMSIS Pack Vendor :STMicroelectronics X-CUBE-NFC7 1.0.1
2024-08-05 00:03:18,539 [INFO] ThirdParty:1030 - CMSIS Pack Vendor :STMicroelectronics MBEDTLS 2.14.1
2024-08-05 00:03:18,539 [INFO] ThirdParty:1030 - CMSIS Pack Vendor :STMicroelectronics X-CUBE-TOUCHGFX 4.24.0
2024-08-05 00:03:18,539 [INFO] ThirdParty:1030 - CMSIS Pack Vendor :ITTIA_DB I-CUBE-ITTIADB 8.9.0
2024-08-05 00:03:18,539 [INFO] ThirdParty:1030 - CMSIS Pack Vendor :wolfSSL I-CUBE-wolfTPM 3.2.0
2024-08-05 00:03:18,539 [INFO] ThirdParty:1030 - CMSIS Pack Vendor :portGmbH I-Cube-SoM-uGOAL 1.1.0
2024-08-05 00:03:18,539 [INFO] ThirdParty:1030 - CMSIS Pack Vendor :STMicroelectronics X-CUBE-BLEMGR 3.1.0
2024-08-05 00:03:18,539 [INFO] ThirdParty:1030 - CMSIS Pack Vendor :STMicroelectronics ThreadX 1.0.0
2024-08-05 00:03:18,539 [INFO] ThirdParty:1030 - CMSIS Pack Vendor :STMicroelectronics FP-SNS-SMARTAG2 1.2.0
2024-08-05 00:03:18,540 [INFO] ThirdParty:1030 - CMSIS Pack Vendor :STMicroelectronics X-CUBE-AZRTOS-WL 2.0.0
2024-08-05 00:03:18,540 [INFO] ThirdParty:1030 - CMSIS Pack Vendor :SEGGER I-CUBE-embOS 1.3.1
2024-08-05 00:03:18,540 [INFO] ThirdParty:1030 - CMSIS Pack Vendor :STMicroelectronics X-CUBE-ALGOBUILD 1.4.0
2024-08-05 00:03:18,540 [INFO] ThirdParty:1030 - CMSIS Pack Vendor :STMicroelectronics FP-SNS-MOTENV1 5.0.0
2024-08-05 00:03:18,540 [INFO] ThirdParty:1030 - CMSIS Pack Vendor :STMicroelectronics USB_DEVICE 1.0.0
2024-08-05 00:03:18,540 [INFO] ThirdParty:1030 - CMSIS Pack Vendor :STMicroelectronics X-CUBE-AZRTOS-H7RS 1.0.0
2024-08-05 00:03:18,540 [INFO] ThirdParty:1030 - CMSIS Pack Vendor :wolfSSL I-CUBE-wolfMQTT 1.19.0
2024-08-05 00:03:18,540 [INFO] ThirdParty:1030 - CMSIS Pack Vendor :STMicroelectronics X-CUBE-AZRTOS-L4 2.0.0
2024-08-05 00:03:18,540 [INFO] ThirdParty:1030 - CMSIS Pack Vendor :STMicroelectronics ThreadX 0.0.2
2024-08-05 00:03:18,540 [INFO] ThirdParty:1030 - CMSIS Pack Vendor :WES I-CUBE-Cesium 1.3.0
2024-08-05 00:03:18,540 [INFO] ThirdParty:1030 - CMSIS Pack Vendor :STMicroelectronics FP-ATR-ASTRA1 2.0.0
2024-08-05 00:03:18,540 [INFO] ThirdParty:1030 - CMSIS Pack Vendor :STMicroelectronics lwIP 2.1.2
2024-08-05 00:03:18,540 [INFO] ThirdParty:1030 - CMSIS Pack Vendor :STMicroelectronics X-CUBE-SFXS2LP1 4.0.0
2024-08-05 00:03:18,540 [INFO] ThirdParty:1030 - CMSIS Pack Vendor :STMicroelectronics X-CUBE-BLE2 3.3.0
2024-08-05 00:03:18,540 [INFO] ThirdParty:1030 - CMSIS Pack Vendor :STMicroelectronics X-CUBE-TOF1 3.4.2
2024-08-05 00:03:18,540 [INFO] ThirdParty:1030 - CMSIS Pack Vendor :STMicroelectronics X-CUBE-TOF1 3.4.1
2024-08-05 00:03:18,540 [INFO] ThirdParty:1030 - CMSIS Pack Vendor :STMicroelectronics X-CUBE-AZRTOS-H7 3.2.0
2024-08-05 00:03:18,540 [INFO] ThirdParty:1030 - CMSIS Pack Vendor :Infineon AIROC-Wi-Fi-Bluetooth-STM32 1.6.0
2024-08-05 00:03:18,540 [INFO] ThirdParty:1030 - CMSIS Pack Vendor :STMicroelectronics PDM2PCM 3.2.0
2024-08-05 00:03:18,540 [INFO] ThirdParty:1030 - CMSIS Pack Vendor :wolfSSL I-CUBE-wolfSSH 1.4.17
2024-08-05 00:03:18,540 [INFO] ThirdParty:841 - exiting critical section [change project]
2024-08-05 00:03:19,421 [INFO] PinOutPanel:1561 - setPackage(No Configuration,No Configuration)
2024-08-05 00:03:19,422 [INFO] PinOutPanel:1561 - setPackage(STM32F429ZITx,LQFP144)
2024-08-05 00:03:20,474 [INFO] UtilMem:75 - Before build in PCC Used Memory: 928626256 Bytes (1073741824)
2024-08-05 00:03:22,583 [INFO] UtilMem:75 - After build in PCC Used Memory: 881028176 Bytes (1073741824)
2024-08-05 00:03:22,613 [INFO] IPUIPlugin:80 - create IPUIPlugin
2024-08-05 00:03:22,613 [INFO] IPUIPlugin:80 - create IPUIPlugin
2024-08-05 00:03:22,613 [INFO] IPUIPlugin:80 - create IPUIPlugin
2024-08-05 00:03:22,613 [INFO] IPUIPlugin:80 - create IPUIPlugin
2024-08-05 00:03:22,613 [INFO] IPUIPlugin:80 - create IPUIPlugin
2024-08-05 00:03:22,614 [INFO] IPUIPlugin:80 - create IPUIPlugin
2024-08-05 00:03:22,614 [INFO] IPUIPlugin:80 - create IPUIPlugin
2024-08-05 00:03:22,614 [INFO] IPUIPlugin:80 - create IPUIPlugin
2024-08-05 00:03:22,614 [INFO] IPUIPlugin:80 - create IPUIPlugin
2024-08-05 00:03:22,614 [INFO] IPUIPlugin:80 - create IPUIPlugin
2024-08-05 00:03:22,615 [INFO] IPUIPlugin:80 - create IPUIPlugin
2024-08-05 00:03:22,615 [INFO] IPUIPlugin:80 - create IPUIPlugin
2024-08-05 00:03:22,615 [INFO] IPUIPlugin:80 - create IPUIPlugin
2024-08-05 00:03:22,615 [INFO] IPUIPlugin:80 - create IPUIPlugin
2024-08-05 00:03:22,615 [INFO] IPUIPlugin:80 - create IPUIPlugin
2024-08-05 00:03:22,615 [INFO] IPUIPlugin:80 - create IPUIPlugin
2024-08-05 00:03:22,615 [INFO] IPUIPlugin:80 - create IPUIPlugin
2024-08-05 00:03:22,615 [INFO] IPUIPlugin:80 - create IPUIPlugin
2024-08-05 00:03:22,616 [INFO] IPUIPlugin:80 - create IPUIPlugin
2024-08-05 00:03:22,616 [INFO] IPUIPlugin:80 - create IPUIPlugin
2024-08-05 00:03:22,616 [INFO] IPUIPlugin:80 - create IPUIPlugin
2024-08-05 00:03:22,616 [INFO] IPUIPlugin:80 - create IPUIPlugin
2024-08-05 00:03:22,617 [INFO] IPUIPlugin:80 - create IPUIPlugin
2024-08-05 00:03:22,617 [INFO] IPUIPlugin:80 - create IPUIPlugin
2024-08-05 00:03:22,617 [INFO] IPUIPlugin:80 - create IPUIPlugin
2024-08-05 00:03:22,617 [INFO] IPUIPlugin:80 - create IPUIPlugin
2024-08-05 00:03:22,617 [INFO] IPUIPlugin:80 - create IPUIPlugin
2024-08-05 00:03:22,617 [INFO] IPUIPlugin:80 - create IPUIPlugin
2024-08-05 00:03:22,618 [INFO] IPUIPlugin:80 - create IPUIPlugin
2024-08-05 00:03:22,618 [INFO] IPUIPlugin:80 - create IPUIPlugin
2024-08-05 00:03:22,618 [INFO] IPUIPlugin:80 - create IPUIPlugin
2024-08-05 00:03:22,618 [INFO] IPUIPlugin:80 - create IPUIPlugin
2024-08-05 00:03:22,619 [INFO] IPUIPlugin:80 - create IPUIPlugin
2024-08-05 00:03:22,619 [INFO] IPUIPlugin:80 - create IPUIPlugin
2024-08-05 00:03:22,619 [INFO] IPUIPlugin:80 - create IPUIPlugin
2024-08-05 00:03:22,619 [INFO] IPUIPlugin:80 - create IPUIPlugin
2024-08-05 00:03:22,619 [INFO] IPUIPlugin:80 - create IPUIPlugin
2024-08-05 00:03:22,619 [INFO] IPUIPlugin:80 - create IPUIPlugin
2024-08-05 00:03:22,620 [INFO] IPUIPlugin:80 - create IPUIPlugin
2024-08-05 00:03:22,620 [INFO] IPUIPlugin:80 - create IPUIPlugin
2024-08-05 00:03:22,620 [INFO] IPUIPlugin:80 - create IPUIPlugin
2024-08-05 00:03:22,620 [INFO] IPUIPlugin:80 - create IPUIPlugin
2024-08-05 00:03:22,621 [INFO] IPUIPlugin:80 - create IPUIPlugin
2024-08-05 00:03:22,621 [INFO] IPUIPlugin:80 - create IPUIPlugin
2024-08-05 00:03:22,621 [INFO] IPUIPlugin:80 - create IPUIPlugin
2024-08-05 00:03:22,621 [INFO] IPUIPlugin:80 - create IPUIPlugin
2024-08-05 00:03:22,621 [INFO] IPUIPlugin:80 - create IPUIPlugin
2024-08-05 00:03:22,622 [INFO] IPUIPlugin:80 - create IPUIPlugin
2024-08-05 00:03:22,622 [INFO] IPUIPlugin:80 - create IPUIPlugin
2024-08-05 00:03:22,622 [INFO] IPUIPlugin:80 - create IPUIPlugin
2024-08-05 00:03:22,623 [INFO] IPUIPlugin:80 - create IPUIPlugin
2024-08-05 00:03:22,623 [INFO] IPUIPlugin:80 - create IPUIPlugin
2024-08-05 00:03:22,623 [INFO] IPUIPlugin:80 - create IPUIPlugin
2024-08-05 00:03:22,623 [INFO] IPUIPlugin:80 - create IPUIPlugin
2024-08-05 00:03:22,624 [INFO] IPUIPlugin:80 - create IPUIPlugin
2024-08-05 00:03:22,624 [INFO] IPUIPlugin:80 - create IPUIPlugin
2024-08-05 00:03:22,624 [INFO] IPUIPlugin:80 - create IPUIPlugin
2024-08-05 00:03:22,625 [INFO] IPUIPlugin:80 - create IPUIPlugin
2024-08-05 00:03:22,625 [INFO] IPUIPlugin:80 - create IPUIPlugin
2024-08-05 00:03:22,625 [INFO] IPUIPlugin:80 - create IPUIPlugin
2024-08-05 00:03:22,626 [INFO] IPUIPlugin:80 - create IPUIPlugin
2024-08-05 00:03:22,626 [INFO] IPUIPlugin:80 - create IPUIPlugin
2024-08-05 00:03:22,627 [INFO] IPUIPlugin:80 - create IPUIPlugin
2024-08-05 00:03:22,627 [INFO] IPUIPlugin:80 - create IPUIPlugin
2024-08-05 00:03:22,628 [INFO] IPUIPlugin:80 - create IPUIPlugin
2024-08-05 00:03:22,628 [INFO] IPUIPlugin:80 - create IPUIPlugin
2024-08-05 00:03:23,113 [INFO] ApiDbMcu:508 - Load IP Config File for PDM2PCM
2024-08-05 00:03:24,086 [INFO] CADModel:165 - CPN selected for project levelSTM32F429ZIT6
2024-08-05 00:03:24,086 [INFO] CADModel:114 - Register for checkConnection events
2024-08-05 00:03:24,125 [INFO] OpenFileManager:343 - Restore cursor
2024-08-05 00:03:39,849 [INFO] UtilMem:75 - End SaveConfig() Used Memory: 920019728 Bytes (1073741824)
2024-08-05 00:06:16,715 [INFO] McuFinderGlobals:76 - Set McuFinderConnectedMode to true
2024-08-05 00:06:16,768 [INFO] ApiDb:448 - Save user favorites file C:\Users\crist/.stm32cubeide/favorites.mcus.txt: 0 item(s)
2024-08-05 00:06:16,768 [INFO] ApiDb:452 - User favorites MCUs=[]
2024-08-05 00:06:16,769 [INFO] ApiDb:448 - Save user favorites file C:\Users\crist/.stm32cubeide/favorites.boards.txt: 0 item(s)
2024-08-05 00:06:16,769 [INFO] ApiDb:452 - User favorites Boards=[]
2024-08-05 00:06:35,506 [INFO] MainUpdater:2873 - connection check result : 10
2024-08-05 00:06:37,004 [INFO] CheckServerUpdateThread:120 - End of CheckServer Thread
2024-08-05 00:17:15,656 [INFO] WebApp:611 - userauth.ini deleted or not created
2024-08-05 00:17:17,064 [INFO] ServerAccessManage:473 - Download File stm32cube_fw_f4_v1280.zip
2024-08-05 00:19:21,100 [INFO] AnalyticsPlugin:368 - Accepted License(s): [FW.F4.1.28.0]
2024-08-05 00:19:21,100 [INFO] FileExtend:240 - Unzip File : stm32cube_fw_f4_v1280.zip
2024-08-05 00:19:21,101 [INFO] FileExtend:255 - Standard Zip Deflate
