2024-08-08 01:58:30,946 [ERROR] LogOutputStream:75 - [STDERR_REDIRECT] 
2024-08-08 10:32:39,733 [INFO] Activator:176 - 


2024-08-08 10:32:39,741 [INFO] Activator:177 - !SESSION log4j initialized
2024-08-08 10:33:22,138 [INFO] LogOutputStream:77 - [STDOUT_REDIRECT] 
2024-08-08 10:34:52,237 [INFO] ApplicationProperties:184 - Using Application install path: C:\ST\STM32CubeIDE_1.15.1\STM32CubeIDE\plugins\com.st.stm32cube.common.mx_6.11.1.202404110753
2024-08-08 10:34:52,896 [INFO] DbMcusXml:78 - Set database path to: C:\ST\STM32CubeIDE_1.15.1\STM32CubeIDE\plugins\com.st.stm32cube.common.mx_6.11.1.202404110753\\db\/mcu/
2024-08-08 10:34:52,927 [INFO] ApiDb:274 - Set plugin database path to: C:\ST\STM32CubeIDE_1.15.1\STM32CubeIDE\plugins\com.st.stm32cube.common.mx_6.11.1.202404110753\\db\/plugins/boardmanager/
2024-08-08 10:34:52,928 [WARN] ApiDb:259 - Overriding images path with different value:  => C:\ST\STM32CubeIDE_1.15.1\STM32CubeIDE\plugins\com.st.stm32cube.common.mx_6.11.1.202404110753\\db\/plugins/mcufinder/images/
2024-08-08 10:34:53,918 [INFO] ApiDb:250 - Set database path to: C:\Users\crist\.stmcufinder\plugins\mcufinder//mcu/
2024-08-08 10:34:53,921 [INFO] DbMcusAds:125 - Set database path to: C:\Users\crist\.stmcufinder\plugins\mcufinder//mcu/
2024-08-08 10:34:53,935 [INFO] CrossReferenceDbSqlite:203 - Set database path to: C:\Users\crist\.stmcufinder\plugins\mcufinder//mcu/cs/
2024-08-08 10:34:55,658 [INFO] RulesReader:64 - Compatibility file has been processed (297 Rules)
2024-08-08 10:34:59,612 [INFO] DbMcusXml:78 - Set database path to: C:\ST\STM32CubeIDE_1.15.1\STM32CubeIDE\plugins\com.st.stm32cube.common.mx_6.11.1.202404110753\\db\/mcu/
2024-08-08 10:34:59,613 [INFO] ApiDb:274 - Set plugin database path to: C:\ST\STM32CubeIDE_1.15.1\STM32CubeIDE\plugins\com.st.stm32cube.common.mx_6.11.1.202404110753\\db\/plugins/boardmanager/
2024-08-08 10:34:59,613 [INFO] ApiDb:261 - Set plugin images path to: C:\ST\STM32CubeIDE_1.15.1\STM32CubeIDE\plugins\com.st.stm32cube.common.mx_6.11.1.202404110753\\db\/plugins/mcufinder/images/
2024-08-08 10:34:59,615 [WARN] DbFile:41 - Overriding database path with different value: C:\Users\crist\.stmcufinder\plugins\mcufinder/ => C:\Users\crist\.stmcufinder\plugins\mcufinder
2024-08-08 10:34:59,615 [INFO] ApiDb:250 - Set database path to: C:\Users\crist\.stmcufinder\plugins\mcufinder//mcu/
2024-08-08 10:34:59,616 [WARN] DbFile:41 - Overriding database path with different value: C:\Users\crist\.stmcufinder\plugins\mcufinder/ => C:\Users\crist\.stmcufinder\plugins\mcufinder
2024-08-08 10:34:59,616 [INFO] DbMcusAds:125 - Set database path to: C:\Users\crist\.stmcufinder\plugins\mcufinder//mcu/
2024-08-08 10:34:59,617 [WARN] DbFile:41 - Overriding database path with different value: C:\Users\crist\.stmcufinder\plugins\mcufinder/ => C:\Users\crist\.stmcufinder\plugins\mcufinder
2024-08-08 10:34:59,617 [WARN] DbFile:41 - Overriding database path with different value: C:\Users\crist\.stmcufinder\plugins\mcufinder/ => C:\Users\crist\.stmcufinder\plugins\mcufinder
2024-08-08 10:34:59,617 [INFO] CrossReferenceDbSqlite:203 - Set database path to: C:\Users\crist\.stmcufinder\plugins\mcufinder//mcu/cs/
2024-08-08 10:35:01,552 [INFO] MainPanel:264 - HeapMemory: 268435456
2024-08-08 10:35:03,772 [INFO] DbMcusXml:78 - Set database path to: C:\ST\STM32CubeIDE_1.15.1\STM32CubeIDE\plugins\com.st.stm32cube.common.mx_6.11.1.202404110753\\db\/mcu/
2024-08-08 10:35:03,773 [INFO] ApiDb:274 - Set plugin database path to: C:\ST\STM32CubeIDE_1.15.1\STM32CubeIDE\plugins\com.st.stm32cube.common.mx_6.11.1.202404110753\\db\/plugins/boardmanager/
2024-08-08 10:35:03,774 [INFO] ApiDb:261 - Set plugin images path to: C:\ST\STM32CubeIDE_1.15.1\STM32CubeIDE\plugins\com.st.stm32cube.common.mx_6.11.1.202404110753\\db\/plugins/mcufinder/images/
2024-08-08 10:35:03,909 [WARN] DbFile:41 - Overriding database path with different value: C:\Users\crist\.stmcufinder\plugins\mcufinder/ => C:\Users\crist\.stmcufinder\plugins\mcufinder
2024-08-08 10:35:03,910 [INFO] ApiDb:250 - Set database path to: C:\Users\crist\.stmcufinder\plugins\mcufinder//mcu/
2024-08-08 10:35:03,910 [WARN] DbFile:41 - Overriding database path with different value: C:\Users\crist\.stmcufinder\plugins\mcufinder/ => C:\Users\crist\.stmcufinder\plugins\mcufinder
2024-08-08 10:35:03,911 [INFO] DbMcusAds:125 - Set database path to: C:\Users\crist\.stmcufinder\plugins\mcufinder//mcu/
2024-08-08 10:35:03,911 [WARN] DbFile:41 - Overriding database path with different value: C:\Users\crist\.stmcufinder\plugins\mcufinder/ => C:\Users\crist\.stmcufinder\plugins\mcufinder
2024-08-08 10:35:03,912 [WARN] DbFile:41 - Overriding database path with different value: C:\Users\crist\.stmcufinder\plugins\mcufinder/ => C:\Users\crist\.stmcufinder\plugins\mcufinder
2024-08-08 10:35:03,912 [INFO] CrossReferenceDbSqlite:203 - Set database path to: C:\Users\crist\.stmcufinder\plugins\mcufinder//mcu/cs/
2024-08-08 10:35:04,243 [INFO] ApplicationProperties:184 - Using Application install path: C:\ST\STM32CubeIDE_1.15.1\STM32CubeIDE\plugins\com.st.stm32cube.common.mx_6.11.1.202404110753
2024-08-08 10:35:04,628 [INFO] PluginManage:196 - Search for loadable plugins [exclusion list=, ]
2024-08-08 10:35:04,833 [INFO] PluginManage:310 - Check plugin analytics
2024-08-08 10:35:07,803 [INFO] AnalyticsPlugin:253 - Accepted Software Licenses: 
2024-08-08 10:35:07,803 [INFO] AnalyticsPlugin:255 - Accepted CMSIS Pack Licenses: 
2024-08-08 10:35:07,804 [INFO] AnalyticsPlugin:257 - Accepted Firmware Licenses: FW.F4.1.28.0
2024-08-08 10:35:07,810 [INFO] PluginManage:359 - Loaded plugin analytics (category:tool,tabindex:-1)
2024-08-08 10:35:07,811 [INFO] PluginManage:310 - Check plugin cadmodel
2024-08-08 10:35:08,807 [INFO] CADModel:105 - Init CAD model plugin
2024-08-08 10:35:08,809 [INFO] PluginManage:359 - Loaded plugin cadmodel (category:power,tabindex:5)
2024-08-08 10:35:08,810 [INFO] PluginManage:310 - Check plugin clock
2024-08-08 10:35:09,423 [INFO] PluginManage:359 - Loaded plugin clock (category:base,tabindex:2)
2024-08-08 10:35:09,424 [INFO] PluginManage:310 - Check plugin ddr
2024-08-08 10:35:09,603 [INFO] PluginManage:359 - Loaded plugin ddr (category:tool,tabindex:6)
2024-08-08 10:35:09,603 [INFO] PluginManage:310 - Check plugin filemanager
2024-08-08 10:35:11,139 [INFO] PluginManage:359 - Loaded plugin filemanager (category:base,tabindex:10)
2024-08-08 10:35:11,139 [INFO] PluginManage:310 - Check plugin ipmanager
2024-08-08 10:35:11,271 [INFO] PluginManage:359 - Loaded plugin ipmanager (category:base,tabindex:5)
2024-08-08 10:35:11,272 [INFO] PluginManage:310 - Check plugin lpbam
2024-08-08 10:35:11,342 [INFO] PluginManage:359 - Loaded plugin lpbam (category:base,tabindex:0)
2024-08-08 10:35:11,343 [INFO] PluginManage:310 - Check plugin memorymap
2024-08-08 10:35:11,535 [INFO] PluginManage:359 - Loaded plugin memorymap (category:base,tabindex:4)
2024-08-08 10:35:11,535 [INFO] PluginManage:310 - Check plugin pinoutandconfiguration
2024-08-08 10:35:11,628 [INFO] PluginManage:359 - Loaded plugin pinoutandconfiguration (category:base,tabindex:1)
2024-08-08 10:35:11,628 [INFO] PluginManage:310 - Check plugin pinoutconfig
2024-08-08 10:35:12,205 [WARN] SupportedApi:132 - Cannot load RTOS API schema: s4s-elt-must-match.1: The content of 'definitions' must match (annotation?, (simpleType | complexType)?, (unique | key | keyref)*)). A problem was found starting at: attribute.
2024-08-08 10:35:14,523 [INFO] PluginManage:359 - Loaded plugin pinoutconfig (category:base,tabindex:0)
2024-08-08 10:35:14,524 [INFO] PluginManage:310 - Check plugin power
2024-08-08 10:35:14,740 [INFO] PluginManage:359 - Loaded plugin power (category:power,tabindex:4)
2024-08-08 10:35:14,741 [INFO] PluginManage:310 - Check plugin projectmanager
2024-08-08 10:35:14,836 [INFO] PluginManage:359 - Loaded plugin projectmanager (category:projectmanager,tabindex:3)
2024-08-08 10:35:14,836 [INFO] PluginManage:310 - Check plugin thirdparty
2024-08-08 10:35:17,396 [INFO] PluginManage:359 - Loaded plugin thirdparty (category:base,tabindex:-1)
2024-08-08 10:35:17,396 [WARN] IntegrityCheckThread:84 - waiting for thirdparty lock release [integrity check]
2024-08-08 10:35:17,396 [INFO] PluginManage:310 - Check plugin tools
2024-08-08 10:35:17,397 [INFO] IntegrityCheckThread:86 - entering critical section [integrity check]
2024-08-08 10:35:17,399 [INFO] ThirdPartyUpdaterWithRetryManager:70 - Updater plugin not ready yet. [1/15]
2024-08-08 10:35:17,543 [INFO] PluginManage:359 - Loaded plugin tools (category:base,tabindex:7)
2024-08-08 10:35:17,544 [INFO] PluginManage:310 - Check plugin tutovideos
2024-08-08 10:35:19,048 [INFO] PluginManage:359 - Loaded plugin tutovideos (category:base,tabindex:-1)
2024-08-08 10:35:19,048 [INFO] PluginManage:310 - Check plugin updater
2024-08-08 10:35:19,132 [INFO] PluginManage:359 - Loaded plugin updater (category:base,tabindex:12)
2024-08-08 10:35:19,133 [INFO] PluginManage:310 - Check plugin userauth
2024-08-08 10:35:19,289 [INFO] UserAuth:114 - Init User Auth plugin
2024-08-08 10:35:19,291 [INFO] PluginManage:359 - Loaded plugin userauth (category:base,tabindex:14)
2024-08-08 10:35:19,292 [INFO] PluginManage:283 - PluginManage : Loaded plugins [17]
2024-08-08 10:35:20,400 [INFO] ThirdPartyUpdaterWithRetryManager:70 - Updater plugin not ready yet. [2/15]
2024-08-08 10:35:20,953 [INFO] PinOutPanel:1561 - setPackage(No Configuration,No Configuration)
2024-08-08 10:35:21,298 [INFO] CADModel:165 - CPN selected for project level
2024-08-08 10:35:21,298 [INFO] CADModel:114 - Register for checkConnection events
2024-08-08 10:35:21,598 [INFO] IPUIPlugin:80 - create IPUIPlugin
2024-08-08 10:35:21,599 [INFO] PluginManager:220 - loadIPPluginJar : add adc
2024-08-08 10:35:21,651 [INFO] IPUIPlugin:80 - create IPUIPlugin
2024-08-08 10:35:21,652 [INFO] PluginManager:220 - loadIPPluginJar : add aes
2024-08-08 10:35:21,684 [INFO] IPUIPlugin:80 - create IPUIPlugin
2024-08-08 10:35:21,685 [INFO] PluginManager:220 - loadIPPluginJar : add can
2024-08-08 10:35:21,725 [INFO] IPUIPlugin:80 - create IPUIPlugin
2024-08-08 10:35:21,726 [INFO] PluginManager:220 - loadIPPluginJar : add comp
2024-08-08 10:35:21,845 [INFO] IPUIPlugin:80 - create IPUIPlugin
2024-08-08 10:35:21,846 [INFO] PluginManager:220 - loadIPPluginJar : add cryp
2024-08-08 10:35:21,880 [INFO] IPUIPlugin:80 - create IPUIPlugin
2024-08-08 10:35:21,880 [INFO] PluginManager:220 - loadIPPluginJar : add dfsdm
2024-08-08 10:35:21,927 [INFO] IPUIPlugin:80 - create IPUIPlugin
2024-08-08 10:35:21,928 [INFO] PluginManager:220 - loadIPPluginJar : add dma
2024-08-08 10:35:21,987 [INFO] IPUIPlugin:80 - create IPUIPlugin
2024-08-08 10:35:21,987 [INFO] PluginManager:220 - loadIPPluginJar : add dma3
2024-08-08 10:35:22,028 [INFO] IPUIPlugin:80 - create IPUIPlugin
2024-08-08 10:35:22,029 [INFO] PluginManager:220 - loadIPPluginJar : add extmemmanager
2024-08-08 10:35:22,063 [INFO] IPUIPlugin:80 - create IPUIPlugin
2024-08-08 10:35:22,063 [INFO] PluginManager:220 - loadIPPluginJar : add fatfs
2024-08-08 10:35:22,108 [INFO] IPUIPlugin:80 - create IPUIPlugin
2024-08-08 10:35:22,109 [INFO] PluginManager:220 - loadIPPluginJar : add fmc
2024-08-08 10:35:22,202 [INFO] IPUIPlugin:80 - create IPUIPlugin
2024-08-08 10:35:22,203 [INFO] PluginManager:220 - loadIPPluginJar : add freertos
2024-08-08 10:35:22,241 [INFO] IPUIPlugin:80 - create IPUIPlugin
2024-08-08 10:35:22,242 [INFO] PluginManager:220 - loadIPPluginJar : add genericplugin
2024-08-08 10:35:22,299 [INFO] IPUIPlugin:80 - create IPUIPlugin
2024-08-08 10:35:22,299 [INFO] PluginManager:220 - loadIPPluginJar : add gfxmmu
2024-08-08 10:35:22,362 [INFO] IPUIPlugin:80 - create IPUIPlugin
2024-08-08 10:35:22,362 [INFO] PluginManager:220 - loadIPPluginJar : add gic
2024-08-08 10:35:22,458 [INFO] IPUIPlugin:80 - create IPUIPlugin
2024-08-08 10:35:22,458 [INFO] PluginManager:220 - loadIPPluginJar : add gpio
2024-08-08 10:35:22,499 [INFO] IPUIPlugin:80 - create IPUIPlugin
2024-08-08 10:35:22,499 [INFO] PluginManager:220 - loadIPPluginJar : add gtzc
2024-08-08 10:35:22,549 [INFO] IPUIPlugin:80 - create IPUIPlugin
2024-08-08 10:35:22,549 [INFO] PluginManager:220 - loadIPPluginJar : add hash
2024-08-08 10:35:22,585 [INFO] IPUIPlugin:80 - create IPUIPlugin
2024-08-08 10:35:22,585 [INFO] PluginManager:220 - loadIPPluginJar : add i2c
2024-08-08 10:35:22,617 [INFO] IPUIPlugin:80 - create IPUIPlugin
2024-08-08 10:35:22,617 [INFO] PluginManager:220 - loadIPPluginJar : add i2s
2024-08-08 10:35:22,684 [INFO] IPUIPlugin:80 - create IPUIPlugin
2024-08-08 10:35:22,684 [INFO] PluginManager:220 - loadIPPluginJar : add i3c
2024-08-08 10:35:23,402 [INFO] ThirdPartyUpdaterWithRetryManager:70 - Updater plugin not ready yet. [3/15]
2024-08-08 10:35:23,572 [INFO] IPUIPlugin:80 - create IPUIPlugin
2024-08-08 10:35:23,573 [INFO] PluginManager:220 - loadIPPluginJar : add ipddr
2024-08-08 10:35:23,636 [INFO] IPUIPlugin:80 - create IPUIPlugin
2024-08-08 10:35:23,637 [INFO] PluginManager:220 - loadIPPluginJar : add linkedlist
2024-08-08 10:35:23,675 [INFO] IPUIPlugin:80 - create IPUIPlugin
2024-08-08 10:35:23,676 [INFO] PluginManager:220 - loadIPPluginJar : add lorawan
2024-08-08 10:35:23,688 [INFO] IPUIPlugin:80 - create IPUIPlugin
2024-08-08 10:35:23,689 [INFO] PluginManager:220 - loadIPPluginJar : add ltdc
2024-08-08 10:35:23,717 [INFO] IPUIPlugin:80 - create IPUIPlugin
2024-08-08 10:35:23,717 [INFO] PluginManager:220 - loadIPPluginJar : add mdma
2024-08-08 10:35:23,762 [INFO] IPUIPlugin:80 - create IPUIPlugin
2024-08-08 10:35:23,763 [INFO] PluginManager:220 - loadIPPluginJar : add nvic
2024-08-08 10:35:23,823 [INFO] IPUIPlugin:80 - create IPUIPlugin
2024-08-08 10:35:23,824 [INFO] PluginManager:220 - loadIPPluginJar : add opamp
2024-08-08 10:35:23,852 [INFO] IPUIPlugin:80 - create IPUIPlugin
2024-08-08 10:35:23,853 [INFO] PluginManager:220 - loadIPPluginJar : add openamp
2024-08-08 10:35:23,892 [INFO] IPUIPlugin:80 - create IPUIPlugin
2024-08-08 10:35:23,892 [INFO] PluginManager:220 - loadIPPluginJar : add pdm2pcm
2024-08-08 10:35:23,942 [INFO] IPUIPlugin:80 - create IPUIPlugin
2024-08-08 10:35:23,949 [INFO] PluginManager:220 - loadIPPluginJar : add plateformsettings
2024-08-08 10:35:23,992 [INFO] IPUIPlugin:80 - create IPUIPlugin
2024-08-08 10:35:23,993 [INFO] PluginManager:220 - loadIPPluginJar : add quadspi
2024-08-08 10:35:24,054 [INFO] IPUIPlugin:80 - create IPUIPlugin
2024-08-08 10:35:24,055 [INFO] PluginManager:220 - loadIPPluginJar : add resmgrutility
2024-08-08 10:35:24,110 [INFO] IPUIPlugin:80 - create IPUIPlugin
2024-08-08 10:35:24,111 [INFO] PluginManager:220 - loadIPPluginJar : add sai
2024-08-08 10:35:24,148 [INFO] IPUIPlugin:80 - create IPUIPlugin
2024-08-08 10:35:24,149 [INFO] PluginManager:220 - loadIPPluginJar : add spi
2024-08-08 10:35:24,173 [INFO] IPUIPlugin:80 - create IPUIPlugin
2024-08-08 10:35:24,174 [INFO] PluginManager:220 - loadIPPluginJar : add stm32_wpan
2024-08-08 10:35:24,199 [INFO] IPUIPlugin:80 - create IPUIPlugin
2024-08-08 10:35:24,199 [INFO] PluginManager:220 - loadIPPluginJar : add tim
2024-08-08 10:35:24,231 [INFO] IPUIPlugin:80 - create IPUIPlugin
2024-08-08 10:35:24,232 [INFO] PluginManager:220 - loadIPPluginJar : add touchsensing
2024-08-08 10:35:24,267 [INFO] IPUIPlugin:80 - create IPUIPlugin
2024-08-08 10:35:24,268 [INFO] PluginManager:220 - loadIPPluginJar : add tracer_emb
2024-08-08 10:35:24,275 [INFO] IPUIPlugin:80 - create IPUIPlugin
2024-08-08 10:35:24,276 [INFO] PluginManager:220 - loadIPPluginJar : add ts
2024-08-08 10:35:24,297 [INFO] IPUIPlugin:80 - create IPUIPlugin
2024-08-08 10:35:24,298 [INFO] PluginManager:220 - loadIPPluginJar : add tsc
2024-08-08 10:35:24,306 [INFO] IPUIPlugin:80 - create IPUIPlugin
2024-08-08 10:35:24,306 [INFO] PluginManager:220 - loadIPPluginJar : add ucpd
2024-08-08 10:35:24,404 [INFO] IPUIPlugin:80 - create IPUIPlugin
2024-08-08 10:35:24,405 [INFO] PluginManager:220 - loadIPPluginJar : add usart
2024-08-08 10:35:24,436 [INFO] IPUIPlugin:80 - create IPUIPlugin
2024-08-08 10:35:24,437 [INFO] PluginManager:220 - loadIPPluginJar : add usbx
2024-08-08 10:35:24,980 [INFO] CADModel:165 - CPN selected for project level
2024-08-08 10:35:24,981 [INFO] CADModel:114 - Register for checkConnection events
2024-08-08 10:35:24,981 [FATAL] Updater:308 - Updater called before beeing initialized
2024-08-08 10:35:24,982 [ERROR] CADModel:125 - Updater not yet initialized, retry later 
2024-08-08 10:35:26,207 [INFO] CADModel:165 - CPN selected for project level
2024-08-08 10:35:26,207 [INFO] CADModel:114 - Register for checkConnection events
2024-08-08 10:35:26,208 [FATAL] Updater:308 - Updater called before beeing initialized
2024-08-08 10:35:26,208 [ERROR] CADModel:125 - Updater not yet initialized, retry later 
2024-08-08 10:35:26,218 [FATAL] Updater:308 - Updater called before beeing initialized
2024-08-08 10:35:26,403 [INFO] ThirdPartyUpdaterWithRetryManager:70 - Updater plugin not ready yet. [4/15]
2024-08-08 10:35:26,648 [FATAL] Updater:308 - Updater called before beeing initialized
2024-08-08 10:35:26,750 [INFO] DbMcusAds:53 - JSON generation date=Thu May 16 06:22:00 ART 2024 (1715851320667)
2024-08-08 10:35:26,750 [FATAL] Updater:308 - Updater called before beeing initialized
2024-08-08 10:35:27,128 [WARN] DetailPanel:346 - Failed to get advertising image, set to default
2024-08-08 10:35:27,573 [FATAL] Updater:308 - Updater called before beeing initialized
2024-08-08 10:35:27,597 [FATAL] Updater:308 - Updater called before beeing initialized
2024-08-08 10:35:27,597 [FATAL] Updater:308 - Updater called before beeing initialized
2024-08-08 10:35:27,598 [WARN] DetailPanel:346 - Failed to get advertising image, set to default
2024-08-08 10:35:27,599 [FATAL] Updater:308 - Updater called before beeing initialized
2024-08-08 10:35:27,915 [ERROR] Updater:1120 - MainUpdater not yet initialized. External WinMGr cannot be set.
2024-08-08 10:35:28,037 [INFO] Updater:1056 - Updater Version found : 6.11.1
2024-08-08 10:35:28,109 [INFO] ApplicationProperties:184 - Using Application install path: C:\ST\STM32CubeIDE_1.15.1\STM32CubeIDE\plugins\com.st.stm32cube.common.mx_6.11.1.202404110753
2024-08-08 10:35:29,404 [FATAL] Updater:308 - Updater called before beeing initialized
2024-08-08 10:35:29,405 [ERROR] IntegrityCheckThread:130 - Cannot retrieve database content from updater: error 21
2024-08-08 10:35:29,406 [INFO] ThirdParty:978 - Integrity check success = false
2024-08-08 10:35:29,406 [INFO] IntegrityCheckThread:100 - exiting critical section [integrity check]
2024-08-08 10:35:29,407 [INFO] IntegrityCheckThread:103 - End integrity checks thread
2024-08-08 10:35:30,094 [INFO] MainUpdater:2873 - connection check result : 10
2024-08-08 10:35:30,096 [INFO] MainUpdater:290 - Updater Check For Update Now.
2024-08-08 10:35:30,097 [INFO] MicroXplorer:498 - Change Database Version : DB.6.0.111
2024-08-08 10:35:30,197 [INFO] McuFinderGlobals:63 - Set McuFinder mode to 2 (CubeIDE integrated)
2024-08-08 10:35:30,210 [INFO] UserAuth:179 - activating auth plugin
2024-08-08 10:35:30,228 [INFO] UserAuth:415 - Internet connection configuration mode: 1
2024-08-08 10:35:30,605 [INFO] JxBrowserEngine:152 - Initiate JxBrowser Engine with user profile folder
2024-08-08 10:35:30,875 [INFO] CheckServerUpdateThread:120 - End of CheckServer Thread
2024-08-08 10:38:01,202 [INFO] WebApp:161 - Instantiating new browser for Auth
2024-08-08 10:38:15,717 [INFO] WebApp:779 - Register for checkConnection events
2024-08-08 10:38:15,718 [INFO] WebApp:414 - Apply proxy settings
2024-08-08 10:38:15,718 [INFO] WebApp:499 - Chromium requires no authentication
2024-08-08 10:38:15,756 [INFO] WebApp:442 - Direct internet connection detected
2024-08-08 10:38:16,463 [INFO] WebApp:192 - Starting web application
2024-08-08 10:38:16,464 [INFO] WebApp:544 - Web application path used C:\ST\STM32CubeIDE_1.15.1\STM32CubeIDE\plugins\com.st.stm32cube.common.mx_6.11.1.202404110753\db\plugins\mcufinder\reactClient1\index.html
