2024-11-14 00:11:49,113 [INFO] Activator:176 - 


2024-11-14 00:11:49,139 [INFO] Activator:177 - !SESSION log4j initialized
2024-11-14 00:12:12,591 [INFO] LogOutputStream:77 - [STDOUT_REDIRECT] 
2024-11-14 00:12:19,960 [INFO] ApplicationProperties:184 - Using Application install path: C:\ST\STM32CubeIDE_1.15.1\STM32CubeIDE\plugins\com.st.stm32cube.common.mx_6.11.1.202404110753
2024-11-14 00:12:20,016 [INFO] DbMcusXml:78 - Set database path to: C:\ST\STM32CubeIDE_1.15.1\STM32CubeIDE\plugins\com.st.stm32cube.common.mx_6.11.1.202404110753\\db\/mcu/
2024-11-14 00:12:20,016 [INFO] ApiDb:274 - Set plugin database path to: C:\ST\STM32CubeIDE_1.15.1\STM32CubeIDE\plugins\com.st.stm32cube.common.mx_6.11.1.202404110753\\db\/plugins/boardmanager/
2024-11-14 00:12:20,050 [WARN] ApiDb:259 - Overriding images path with different value:  => C:\ST\STM32CubeIDE_1.15.1\STM32CubeIDE\plugins\com.st.stm32cube.common.mx_6.11.1.202404110753\\db\/plugins/mcufinder/images/
2024-11-14 00:12:20,294 [INFO] ApiDb:250 - Set database path to: C:\Users\crist\.stmcufinder\plugins\mcufinder//mcu/
2024-11-14 00:12:20,294 [INFO] DbMcusAds:125 - Set database path to: C:\Users\crist\.stmcufinder\plugins\mcufinder//mcu/
2024-11-14 00:12:20,296 [INFO] CrossReferenceDbSqlite:203 - Set database path to: C:\Users\crist\.stmcufinder\plugins\mcufinder//mcu/cs/
2024-11-14 00:12:20,520 [INFO] RulesReader:64 - Compatibility file has been processed (297 Rules)
2024-11-14 00:12:20,793 [INFO] DbMcusXml:78 - Set database path to: C:\ST\STM32CubeIDE_1.15.1\STM32CubeIDE\plugins\com.st.stm32cube.common.mx_6.11.1.202404110753\\db\/mcu/
2024-11-14 00:12:20,794 [INFO] ApiDb:274 - Set plugin database path to: C:\ST\STM32CubeIDE_1.15.1\STM32CubeIDE\plugins\com.st.stm32cube.common.mx_6.11.1.202404110753\\db\/plugins/boardmanager/
2024-11-14 00:12:20,794 [INFO] ApiDb:261 - Set plugin images path to: C:\ST\STM32CubeIDE_1.15.1\STM32CubeIDE\plugins\com.st.stm32cube.common.mx_6.11.1.202404110753\\db\/plugins/mcufinder/images/
2024-11-14 00:12:20,794 [WARN] DbFile:41 - Overriding database path with different value: C:\Users\crist\.stmcufinder\plugins\mcufinder/ => C:\Users\crist\.stmcufinder\plugins\mcufinder
2024-11-14 00:12:20,794 [INFO] ApiDb:250 - Set database path to: C:\Users\crist\.stmcufinder\plugins\mcufinder//mcu/
2024-11-14 00:12:20,794 [WARN] DbFile:41 - Overriding database path with different value: C:\Users\crist\.stmcufinder\plugins\mcufinder/ => C:\Users\crist\.stmcufinder\plugins\mcufinder
2024-11-14 00:12:20,794 [INFO] DbMcusAds:125 - Set database path to: C:\Users\crist\.stmcufinder\plugins\mcufinder//mcu/
2024-11-14 00:12:20,794 [WARN] DbFile:41 - Overriding database path with different value: C:\Users\crist\.stmcufinder\plugins\mcufinder/ => C:\Users\crist\.stmcufinder\plugins\mcufinder
2024-11-14 00:12:20,794 [WARN] DbFile:41 - Overriding database path with different value: C:\Users\crist\.stmcufinder\plugins\mcufinder/ => C:\Users\crist\.stmcufinder\plugins\mcufinder
2024-11-14 00:12:20,794 [INFO] CrossReferenceDbSqlite:203 - Set database path to: C:\Users\crist\.stmcufinder\plugins\mcufinder//mcu/cs/
2024-11-14 00:12:21,006 [INFO] MainPanel:264 - HeapMemory: 268435456
2024-11-14 00:12:21,244 [INFO] DbMcusXml:78 - Set database path to: C:\ST\STM32CubeIDE_1.15.1\STM32CubeIDE\plugins\com.st.stm32cube.common.mx_6.11.1.202404110753\\db\/mcu/
2024-11-14 00:12:21,244 [INFO] ApiDb:274 - Set plugin database path to: C:\ST\STM32CubeIDE_1.15.1\STM32CubeIDE\plugins\com.st.stm32cube.common.mx_6.11.1.202404110753\\db\/plugins/boardmanager/
2024-11-14 00:12:21,245 [INFO] ApiDb:261 - Set plugin images path to: C:\ST\STM32CubeIDE_1.15.1\STM32CubeIDE\plugins\com.st.stm32cube.common.mx_6.11.1.202404110753\\db\/plugins/mcufinder/images/
2024-11-14 00:12:21,245 [WARN] DbFile:41 - Overriding database path with different value: C:\Users\crist\.stmcufinder\plugins\mcufinder/ => C:\Users\crist\.stmcufinder\plugins\mcufinder
2024-11-14 00:12:21,245 [INFO] ApiDb:250 - Set database path to: C:\Users\crist\.stmcufinder\plugins\mcufinder//mcu/
2024-11-14 00:12:21,245 [WARN] DbFile:41 - Overriding database path with different value: C:\Users\crist\.stmcufinder\plugins\mcufinder/ => C:\Users\crist\.stmcufinder\plugins\mcufinder
2024-11-14 00:12:21,245 [INFO] DbMcusAds:125 - Set database path to: C:\Users\crist\.stmcufinder\plugins\mcufinder//mcu/
2024-11-14 00:12:21,245 [WARN] DbFile:41 - Overriding database path with different value: C:\Users\crist\.stmcufinder\plugins\mcufinder/ => C:\Users\crist\.stmcufinder\plugins\mcufinder
2024-11-14 00:12:21,245 [WARN] DbFile:41 - Overriding database path with different value: C:\Users\crist\.stmcufinder\plugins\mcufinder/ => C:\Users\crist\.stmcufinder\plugins\mcufinder
2024-11-14 00:12:21,245 [INFO] CrossReferenceDbSqlite:203 - Set database path to: C:\Users\crist\.stmcufinder\plugins\mcufinder//mcu/cs/
2024-11-14 00:12:21,268 [INFO] ApplicationProperties:184 - Using Application install path: C:\ST\STM32CubeIDE_1.15.1\STM32CubeIDE\plugins\com.st.stm32cube.common.mx_6.11.1.202404110753
2024-11-14 00:12:21,273 [INFO] PluginManage:196 - Search for loadable plugins [exclusion list=, ]
2024-11-14 00:12:21,274 [INFO] PluginManage:310 - Check plugin analytics
2024-11-14 00:12:21,967 [INFO] AnalyticsPlugin:253 - Accepted Software Licenses: 
2024-11-14 00:12:21,967 [INFO] AnalyticsPlugin:255 - Accepted CMSIS Pack Licenses: 
2024-11-14 00:12:21,967 [INFO] AnalyticsPlugin:257 - Accepted Firmware Licenses: FW.F4.1.28.0
2024-11-14 00:12:21,970 [INFO] PluginManage:359 - Loaded plugin analytics (category:tool,tabindex:-1)
2024-11-14 00:12:21,970 [INFO] PluginManage:310 - Check plugin cadmodel
2024-11-14 00:12:22,020 [INFO] CADModel:105 - Init CAD model plugin
2024-11-14 00:12:22,020 [INFO] PluginManage:359 - Loaded plugin cadmodel (category:power,tabindex:5)
2024-11-14 00:12:22,020 [INFO] PluginManage:310 - Check plugin clock
2024-11-14 00:12:22,098 [INFO] PluginManage:359 - Loaded plugin clock (category:base,tabindex:2)
2024-11-14 00:12:22,098 [INFO] PluginManage:310 - Check plugin ddr
2024-11-14 00:12:22,157 [INFO] PluginManage:359 - Loaded plugin ddr (category:tool,tabindex:6)
2024-11-14 00:12:22,157 [INFO] PluginManage:310 - Check plugin filemanager
2024-11-14 00:12:22,480 [INFO] PluginManage:359 - Loaded plugin filemanager (category:base,tabindex:10)
2024-11-14 00:12:22,480 [INFO] PluginManage:310 - Check plugin ipmanager
2024-11-14 00:12:22,512 [INFO] PluginManage:359 - Loaded plugin ipmanager (category:base,tabindex:5)
2024-11-14 00:12:22,512 [INFO] PluginManage:310 - Check plugin lpbam
2024-11-14 00:12:22,566 [INFO] PluginManage:359 - Loaded plugin lpbam (category:base,tabindex:0)
2024-11-14 00:12:22,566 [INFO] PluginManage:310 - Check plugin memorymap
2024-11-14 00:12:22,598 [INFO] PluginManage:359 - Loaded plugin memorymap (category:base,tabindex:4)
2024-11-14 00:12:22,598 [INFO] PluginManage:310 - Check plugin pinoutandconfiguration
2024-11-14 00:12:22,618 [INFO] PluginManage:359 - Loaded plugin pinoutandconfiguration (category:base,tabindex:1)
2024-11-14 00:12:22,618 [INFO] PluginManage:310 - Check plugin pinoutconfig
2024-11-14 00:12:22,741 [WARN] SupportedApi:132 - Cannot load RTOS API schema: s4s-elt-must-match.1: The content of 'definitions' must match (annotation?, (simpleType | complexType)?, (unique | key | keyref)*)). A problem was found starting at: attribute.
2024-11-14 00:12:22,946 [INFO] PluginManage:359 - Loaded plugin pinoutconfig (category:base,tabindex:0)
2024-11-14 00:12:22,947 [INFO] PluginManage:310 - Check plugin power
2024-11-14 00:12:23,010 [INFO] PluginManage:359 - Loaded plugin power (category:power,tabindex:4)
2024-11-14 00:12:23,010 [INFO] PluginManage:310 - Check plugin projectmanager
2024-11-14 00:12:23,046 [INFO] PluginManage:359 - Loaded plugin projectmanager (category:projectmanager,tabindex:3)
2024-11-14 00:12:23,046 [INFO] PluginManage:310 - Check plugin thirdparty
2024-11-14 00:12:23,440 [INFO] PluginManage:359 - Loaded plugin thirdparty (category:base,tabindex:-1)
2024-11-14 00:12:23,440 [INFO] PluginManage:310 - Check plugin tools
2024-11-14 00:12:23,440 [WARN] IntegrityCheckThread:84 - waiting for thirdparty lock release [integrity check]
2024-11-14 00:12:23,441 [INFO] IntegrityCheckThread:86 - entering critical section [integrity check]
2024-11-14 00:12:23,441 [INFO] ThirdPartyUpdaterWithRetryManager:70 - Updater plugin not ready yet. [1/15]
2024-11-14 00:12:23,482 [INFO] PluginManage:359 - Loaded plugin tools (category:base,tabindex:7)
2024-11-14 00:12:23,483 [INFO] PluginManage:310 - Check plugin tutovideos
2024-11-14 00:12:23,884 [INFO] PluginManage:359 - Loaded plugin tutovideos (category:base,tabindex:-1)
2024-11-14 00:12:23,884 [INFO] PluginManage:310 - Check plugin updater
2024-11-14 00:12:23,926 [INFO] PluginManage:359 - Loaded plugin updater (category:base,tabindex:12)
2024-11-14 00:12:23,926 [INFO] PluginManage:310 - Check plugin userauth
2024-11-14 00:12:23,968 [INFO] UserAuth:114 - Init User Auth plugin
2024-11-14 00:12:23,968 [INFO] PluginManage:359 - Loaded plugin userauth (category:base,tabindex:14)
2024-11-14 00:12:23,969 [INFO] PluginManage:283 - PluginManage : Loaded plugins [17]
2024-11-14 00:12:24,745 [INFO] PinOutPanel:1561 - setPackage(No Configuration,No Configuration)
2024-11-14 00:12:24,945 [INFO] CADModel:165 - CPN selected for project level
2024-11-14 00:12:24,945 [INFO] CADModel:114 - Register for checkConnection events
2024-11-14 00:12:25,035 [INFO] IPUIPlugin:80 - create IPUIPlugin
2024-11-14 00:12:25,035 [INFO] PluginManager:220 - loadIPPluginJar : add adc
2024-11-14 00:12:25,050 [INFO] IPUIPlugin:80 - create IPUIPlugin
2024-11-14 00:12:25,050 [INFO] PluginManager:220 - loadIPPluginJar : add aes
2024-11-14 00:12:25,072 [INFO] IPUIPlugin:80 - create IPUIPlugin
2024-11-14 00:12:25,072 [INFO] PluginManager:220 - loadIPPluginJar : add can
2024-11-14 00:12:25,087 [INFO] IPUIPlugin:80 - create IPUIPlugin
2024-11-14 00:12:25,087 [INFO] PluginManager:220 - loadIPPluginJar : add comp
2024-11-14 00:12:25,092 [INFO] IPUIPlugin:80 - create IPUIPlugin
2024-11-14 00:12:25,092 [INFO] PluginManager:220 - loadIPPluginJar : add cryp
2024-11-14 00:12:25,120 [INFO] IPUIPlugin:80 - create IPUIPlugin
2024-11-14 00:12:25,120 [INFO] PluginManager:220 - loadIPPluginJar : add dfsdm
2024-11-14 00:12:25,145 [INFO] IPUIPlugin:80 - create IPUIPlugin
2024-11-14 00:12:25,145 [INFO] PluginManager:220 - loadIPPluginJar : add dma
2024-11-14 00:12:25,149 [INFO] IPUIPlugin:80 - create IPUIPlugin
2024-11-14 00:12:25,149 [INFO] PluginManager:220 - loadIPPluginJar : add dma3
2024-11-14 00:12:25,167 [INFO] IPUIPlugin:80 - create IPUIPlugin
2024-11-14 00:12:25,167 [INFO] PluginManager:220 - loadIPPluginJar : add extmemmanager
2024-11-14 00:12:25,176 [INFO] IPUIPlugin:80 - create IPUIPlugin
2024-11-14 00:12:25,176 [INFO] PluginManager:220 - loadIPPluginJar : add fatfs
2024-11-14 00:12:25,201 [INFO] IPUIPlugin:80 - create IPUIPlugin
2024-11-14 00:12:25,201 [INFO] PluginManager:220 - loadIPPluginJar : add fmc
2024-11-14 00:12:25,238 [INFO] IPUIPlugin:80 - create IPUIPlugin
2024-11-14 00:12:25,238 [INFO] PluginManager:220 - loadIPPluginJar : add freertos
2024-11-14 00:12:25,257 [INFO] IPUIPlugin:80 - create IPUIPlugin
2024-11-14 00:12:25,257 [INFO] PluginManager:220 - loadIPPluginJar : add genericplugin
2024-11-14 00:12:25,276 [INFO] IPUIPlugin:80 - create IPUIPlugin
2024-11-14 00:12:25,276 [INFO] PluginManager:220 - loadIPPluginJar : add gfxmmu
2024-11-14 00:12:25,286 [INFO] IPUIPlugin:80 - create IPUIPlugin
2024-11-14 00:12:25,286 [INFO] PluginManager:220 - loadIPPluginJar : add gic
2024-11-14 00:12:25,307 [INFO] IPUIPlugin:80 - create IPUIPlugin
2024-11-14 00:12:25,307 [INFO] PluginManager:220 - loadIPPluginJar : add gpio
2024-11-14 00:12:25,311 [INFO] IPUIPlugin:80 - create IPUIPlugin
2024-11-14 00:12:25,311 [INFO] PluginManager:220 - loadIPPluginJar : add gtzc
2024-11-14 00:12:25,314 [INFO] IPUIPlugin:80 - create IPUIPlugin
2024-11-14 00:12:25,314 [INFO] PluginManager:220 - loadIPPluginJar : add hash
2024-11-14 00:12:25,338 [INFO] IPUIPlugin:80 - create IPUIPlugin
2024-11-14 00:12:25,338 [INFO] PluginManager:220 - loadIPPluginJar : add i2c
2024-11-14 00:12:25,355 [INFO] IPUIPlugin:80 - create IPUIPlugin
2024-11-14 00:12:25,355 [INFO] PluginManager:220 - loadIPPluginJar : add i2s
2024-11-14 00:12:25,370 [INFO] IPUIPlugin:80 - create IPUIPlugin
2024-11-14 00:12:25,370 [INFO] PluginManager:220 - loadIPPluginJar : add i3c
2024-11-14 00:12:25,373 [INFO] IPUIPlugin:80 - create IPUIPlugin
2024-11-14 00:12:25,373 [INFO] PluginManager:220 - loadIPPluginJar : add ipddr
2024-11-14 00:12:25,394 [INFO] IPUIPlugin:80 - create IPUIPlugin
2024-11-14 00:12:25,394 [INFO] PluginManager:220 - loadIPPluginJar : add linkedlist
2024-11-14 00:12:25,396 [INFO] IPUIPlugin:80 - create IPUIPlugin
2024-11-14 00:12:25,396 [INFO] PluginManager:220 - loadIPPluginJar : add lorawan
2024-11-14 00:12:25,399 [INFO] IPUIPlugin:80 - create IPUIPlugin
2024-11-14 00:12:25,399 [INFO] PluginManager:220 - loadIPPluginJar : add ltdc
2024-11-14 00:12:25,417 [INFO] IPUIPlugin:80 - create IPUIPlugin
2024-11-14 00:12:25,417 [INFO] PluginManager:220 - loadIPPluginJar : add mdma
2024-11-14 00:12:25,435 [INFO] IPUIPlugin:80 - create IPUIPlugin
2024-11-14 00:12:25,435 [INFO] PluginManager:220 - loadIPPluginJar : add nvic
2024-11-14 00:12:25,455 [INFO] IPUIPlugin:80 - create IPUIPlugin
2024-11-14 00:12:25,455 [INFO] PluginManager:220 - loadIPPluginJar : add opamp
2024-11-14 00:12:25,471 [INFO] IPUIPlugin:80 - create IPUIPlugin
2024-11-14 00:12:25,471 [INFO] PluginManager:220 - loadIPPluginJar : add openamp
2024-11-14 00:12:25,475 [INFO] IPUIPlugin:80 - create IPUIPlugin
2024-11-14 00:12:25,475 [INFO] PluginManager:220 - loadIPPluginJar : add pdm2pcm
2024-11-14 00:12:25,499 [INFO] IPUIPlugin:80 - create IPUIPlugin
2024-11-14 00:12:25,501 [INFO] PluginManager:220 - loadIPPluginJar : add plateformsettings
2024-11-14 00:12:25,506 [INFO] IPUIPlugin:80 - create IPUIPlugin
2024-11-14 00:12:25,506 [INFO] PluginManager:220 - loadIPPluginJar : add quadspi
2024-11-14 00:12:25,543 [INFO] IPUIPlugin:80 - create IPUIPlugin
2024-11-14 00:12:25,544 [INFO] PluginManager:220 - loadIPPluginJar : add resmgrutility
2024-11-14 00:12:25,561 [INFO] IPUIPlugin:80 - create IPUIPlugin
2024-11-14 00:12:25,561 [INFO] PluginManager:220 - loadIPPluginJar : add sai
2024-11-14 00:12:25,563 [INFO] IPUIPlugin:80 - create IPUIPlugin
2024-11-14 00:12:25,564 [INFO] PluginManager:220 - loadIPPluginJar : add spi
2024-11-14 00:12:25,584 [INFO] IPUIPlugin:80 - create IPUIPlugin
2024-11-14 00:12:25,585 [INFO] PluginManager:220 - loadIPPluginJar : add stm32_wpan
2024-11-14 00:12:25,590 [INFO] IPUIPlugin:80 - create IPUIPlugin
2024-11-14 00:12:25,590 [INFO] PluginManager:220 - loadIPPluginJar : add tim
2024-11-14 00:12:25,610 [INFO] IPUIPlugin:80 - create IPUIPlugin
2024-11-14 00:12:25,610 [INFO] PluginManager:220 - loadIPPluginJar : add touchsensing
2024-11-14 00:12:25,627 [INFO] IPUIPlugin:80 - create IPUIPlugin
2024-11-14 00:12:25,627 [INFO] PluginManager:220 - loadIPPluginJar : add tracer_emb
2024-11-14 00:12:25,630 [INFO] IPUIPlugin:80 - create IPUIPlugin
2024-11-14 00:12:25,630 [INFO] PluginManager:220 - loadIPPluginJar : add ts
2024-11-14 00:12:25,632 [INFO] IPUIPlugin:80 - create IPUIPlugin
2024-11-14 00:12:25,632 [INFO] PluginManager:220 - loadIPPluginJar : add tsc
2024-11-14 00:12:25,636 [INFO] IPUIPlugin:80 - create IPUIPlugin
2024-11-14 00:12:25,636 [INFO] PluginManager:220 - loadIPPluginJar : add ucpd
2024-11-14 00:12:25,656 [INFO] IPUIPlugin:80 - create IPUIPlugin
2024-11-14 00:12:25,656 [INFO] PluginManager:220 - loadIPPluginJar : add usart
2024-11-14 00:12:25,667 [INFO] IPUIPlugin:80 - create IPUIPlugin
2024-11-14 00:12:25,668 [INFO] PluginManager:220 - loadIPPluginJar : add usbx
2024-11-14 00:12:25,818 [INFO] CADModel:165 - CPN selected for project level
2024-11-14 00:12:25,818 [INFO] CADModel:114 - Register for checkConnection events
2024-11-14 00:12:25,818 [FATAL] Updater:308 - Updater called before beeing initialized
2024-11-14 00:12:25,818 [ERROR] CADModel:125 - Updater not yet initialized, retry later 
2024-11-14 00:12:26,160 [INFO] CADModel:165 - CPN selected for project level
2024-11-14 00:12:26,160 [INFO] CADModel:114 - Register for checkConnection events
2024-11-14 00:12:26,160 [FATAL] Updater:308 - Updater called before beeing initialized
2024-11-14 00:12:26,160 [ERROR] CADModel:125 - Updater not yet initialized, retry later 
2024-11-14 00:12:26,163 [FATAL] Updater:308 - Updater called before beeing initialized
2024-11-14 00:12:26,388 [FATAL] Updater:308 - Updater called before beeing initialized
2024-11-14 00:12:26,405 [INFO] DbMcusAds:53 - JSON generation date=Fri Sep 20 10:04:38 ART 2024 (1726837478367)
2024-11-14 00:12:26,406 [FATAL] Updater:308 - Updater called before beeing initialized
2024-11-14 00:12:26,443 [INFO] ThirdPartyUpdaterWithRetryManager:70 - Updater plugin not ready yet. [2/15]
2024-11-14 00:12:26,576 [WARN] DetailPanel:346 - Failed to get advertising image, set to default
2024-11-14 00:12:26,718 [FATAL] Updater:308 - Updater called before beeing initialized
2024-11-14 00:12:26,740 [FATAL] Updater:308 - Updater called before beeing initialized
2024-11-14 00:12:26,740 [FATAL] Updater:308 - Updater called before beeing initialized
2024-11-14 00:12:26,740 [WARN] DetailPanel:346 - Failed to get advertising image, set to default
2024-11-14 00:12:26,741 [FATAL] Updater:308 - Updater called before beeing initialized
2024-11-14 00:12:26,872 [ERROR] Updater:1120 - MainUpdater not yet initialized. External WinMGr cannot be set.
2024-11-14 00:12:27,006 [INFO] Updater:1056 - Updater Version found : 6.11.1
2024-11-14 00:12:27,047 [INFO] ApplicationProperties:184 - Using Application install path: C:\ST\STM32CubeIDE_1.15.1\STM32CubeIDE\plugins\com.st.stm32cube.common.mx_6.11.1.202404110753
2024-11-14 00:12:28,212 [INFO] MainUpdater:2873 - connection check result : 10
2024-11-14 00:12:28,212 [INFO] MainUpdater:290 - Updater Check For Update Now.
2024-11-14 00:12:28,212 [INFO] MicroXplorer:498 - Change Database Version : DB.6.0.111
2024-11-14 00:12:28,263 [INFO] McuFinderGlobals:63 - Set McuFinder mode to 2 (CubeIDE integrated)
2024-11-14 00:12:28,332 [INFO] UserAuth:415 - Internet connection configuration mode: 1
2024-11-14 00:12:28,494 [INFO] JxBrowserEngine:152 - Initiate JxBrowser Engine with user profile folder
2024-11-14 00:12:28,594 [INFO] CheckServerUpdateThread:120 - End of CheckServer Thread
2024-11-14 00:12:33,035 [WARN] PackLoader:240 - Cannot read IP mode file for STMicroelectronics.FP-SNS-MOTENVWB1.1.4.0
2024-11-14 00:12:33,055 [WARN] PackLoader:240 - Cannot read IP mode file for STMicroelectronics.X-CUBE-SMBUS.2.1.0
2024-11-14 00:12:33,147 [WARN] PackLoader:240 - Cannot read IP mode file for STMicroelectronics.X-CUBE-WB05N.1.1.0
2024-11-14 00:12:33,210 [WARN] PackLoader:240 - Cannot read IP mode file for STMicroelectronics.X-CUBE-AZRTOS-F7.1.1.0
2024-11-14 00:12:33,300 [WARN] PackLoader:240 - Cannot read IP mode file for STMicroelectronics.X-CUBE-MEMS1.11.0.0
2024-11-14 00:12:33,451 [WARN] PackLoader:240 - Cannot read IP mode file for STMicroelectronics.FP-SNS-FLIGHT1.5.0.2
2024-11-14 00:12:33,469 [WARN] PackLoader:240 - Cannot read IP mode file for STMicroelectronics.X-CUBE-DISPLAY.3.0.0
2024-11-14 00:12:33,529 [WARN] PackLoader:240 - Cannot read IP mode file for STMicroelectronics.X-CUBE-BLE1.7.0.0
2024-11-14 00:12:33,595 [WARN] PackLoader:240 - Cannot read IP mode file for STMicroelectronics.X-CUBE-NFC10.1.0.0
2024-11-14 00:12:33,678 [WARN] PackLoader:240 - Cannot read IP mode file for emotas.I-CUBE-CANOPEN.1.3.0
2024-11-14 00:12:33,718 [WARN] PackLoader:240 - Cannot read IP mode file for STMicroelectronics.X-CUBE-BLEMGR.3.1.0
2024-11-14 00:12:33,818 [WARN] PackLoader:240 - Cannot read IP mode file for STMicroelectronics.FP-SNS-SMARTAG2.1.2.0
2024-11-14 00:12:34,039 [INFO] LogOutputStream:77 - [STDOUT_REDIRECT] 1 : Invalid condition id : UX_CORESTACK_Condition cause : null
2024-11-14 00:12:34,040 [INFO] LogOutputStream:77 - [STDOUT_REDIRECT] 1 : Invalid condition id : UX_CORESTACK_Condition cause : null
2024-11-14 00:12:34,040 [INFO] LogOutputStream:77 - [STDOUT_REDIRECT] 1 : Invalid condition id : UX_CORESTACK_Condition cause : null
2024-11-14 00:12:34,041 [INFO] LogOutputStream:77 - [STDOUT_REDIRECT] 1 : Invalid condition id : UX_CORESTACK_Condition cause : null
2024-11-14 00:12:34,042 [INFO] LogOutputStream:77 - [STDOUT_REDIRECT] 1 : Invalid condition id : UX_CORESTACK_Condition cause : null
2024-11-14 00:12:34,044 [WARN] PackLoader:240 - Cannot read IP mode file for STMicroelectronics.X-CUBE-AZRTOS-WL.2.0.0
2024-11-14 00:12:34,232 [WARN] PackLoader:240 - Cannot read IP mode file for STMicroelectronics.FP-SNS-MOTENV1.5.0.0
2024-11-14 00:12:34,423 [WARN] PackLoader:240 - Cannot read IP mode file for wolfSSL.I-CUBE-wolfMQTT.1.19.0
2024-11-14 00:12:34,533 [WARN] PackLoader:240 - Cannot read IP mode file for WES.I-CUBE-Cesium.1.3.0
2024-11-14 00:12:34,600 [WARN] PackLoader:240 - Cannot read IP mode file for STMicroelectronics.X-CUBE-BLE2.3.3.0
2024-11-14 00:12:34,615 [WARN] PackLoader:240 - Cannot read IP mode file for STMicroelectronics.X-CUBE-NFC9.1.0.0
2024-11-14 00:12:34,658 [WARN] PackLoader:240 - Cannot read IP mode file for STMicroelectronics.X-CUBE-TCPP.4.1.0
2024-11-14 00:12:34,715 [WARN] PackLoader:240 - Cannot read IP mode file for STMicroelectronics.X-CUBE-AZRTOS-G0.1.1.0
2024-11-14 00:12:34,733 [WARN] PackLoader:240 - Cannot read IP mode file for STMicroelectronics.X-CUBE-SAFEA1.1.2.2
2024-11-14 00:12:34,750 [WARN] PackLoader:240 - Cannot read IP mode file for STMicroelectronics.X-CUBE-NFC4.3.0.0
2024-11-14 00:12:34,811 [WARN] PackLoader:240 - Cannot read IP mode file for EmbeddedOffice.I-CUBE-FS-RTOS.1.0.1
2024-11-14 00:12:34,811 [ERROR] ConditionMgr:805 - Attr not supported : Dmpu
2024-11-14 00:12:34,811 [ERROR] ConditionMgr:805 - Attr not supported : Dmpu
2024-11-14 00:12:34,811 [ERROR] ConditionMgr:805 - Attr not supported : Dmpu
2024-11-14 00:12:34,811 [ERROR] ConditionMgr:805 - Attr not supported : Dmpu
2024-11-14 00:12:34,812 [ERROR] ConditionMgr:805 - Attr not supported : Dmpu
2024-11-14 00:12:34,812 [ERROR] ConditionMgr:805 - Attr not supported : Dmpu
2024-11-14 00:12:34,812 [ERROR] ConditionMgr:805 - Attr not supported : Dmpu
2024-11-14 00:12:34,812 [ERROR] ConditionMgr:805 - Attr not supported : Dmpu
2024-11-14 00:12:34,812 [ERROR] ConditionMgr:805 - Attr not supported : Dmpu
2024-11-14 00:12:34,812 [ERROR] ConditionMgr:805 - Attr not supported : Dmpu
2024-11-14 00:12:34,812 [ERROR] ConditionMgr:805 - Attr not supported : Dmpu
2024-11-14 00:12:34,812 [ERROR] ConditionMgr:805 - Attr not supported : Dmpu
2024-11-14 00:12:34,812 [ERROR] ConditionMgr:805 - Attr not supported : Dmpu
2024-11-14 00:12:34,812 [ERROR] ConditionMgr:805 - Attr not supported : Dmpu
2024-11-14 00:12:34,812 [ERROR] ConditionMgr:805 - Attr not supported : Dmpu
2024-11-14 00:12:34,812 [ERROR] ConditionMgr:805 - Attr not supported : Dmpu
2024-11-14 00:12:34,812 [ERROR] ConditionMgr:805 - Attr not supported : Dmpu
2024-11-14 00:12:34,812 [ERROR] ConditionMgr:805 - Attr not supported : Dmpu
2024-11-14 00:12:34,812 [ERROR] ConditionMgr:805 - Attr not supported : Dmpu
2024-11-14 00:12:34,812 [ERROR] ConditionMgr:805 - Attr not supported : Dmpu
2024-11-14 00:12:34,812 [ERROR] ConditionMgr:805 - Attr not supported : Dmpu
2024-11-14 00:12:34,812 [ERROR] ConditionMgr:805 - Attr not supported : Dmpu
2024-11-14 00:12:34,812 [ERROR] ConditionMgr:805 - Attr not supported : Dmpu
2024-11-14 00:12:34,812 [ERROR] ConditionMgr:805 - Attr not supported : Dmpu
2024-11-14 00:12:34,812 [ERROR] ConditionMgr:805 - Attr not supported : Dmpu
2024-11-14 00:12:34,812 [ERROR] ConditionMgr:805 - Attr not supported : Dmpu
2024-11-14 00:12:34,813 [ERROR] ConditionMgr:805 - Attr not supported : Dmpu
2024-11-14 00:12:34,813 [ERROR] ConditionMgr:805 - Attr not supported : Dmpu
2024-11-14 00:12:34,813 [ERROR] ConditionMgr:805 - Attr not supported : Dmpu
2024-11-14 00:12:34,813 [ERROR] ConditionMgr:805 - Attr not supported : Dmpu
2024-11-14 00:12:34,813 [ERROR] ConditionMgr:805 - Attr not supported : Dmpu
2024-11-14 00:12:34,813 [ERROR] ConditionMgr:805 - Attr not supported : Dmpu
2024-11-14 00:12:34,813 [ERROR] ConditionMgr:805 - Attr not supported : Dmpu
2024-11-14 00:12:34,813 [ERROR] ConditionMgr:805 - Attr not supported : Dmpu
2024-11-14 00:12:34,813 [ERROR] ConditionMgr:805 - Attr not supported : Dmpu
2024-11-14 00:12:34,813 [ERROR] ConditionMgr:805 - Attr not supported : Dmpu
2024-11-14 00:12:34,813 [ERROR] ConditionMgr:805 - Attr not supported : Dmpu
2024-11-14 00:12:34,813 [ERROR] ConditionMgr:805 - Attr not supported : Dmpu
2024-11-14 00:12:34,813 [ERROR] ConditionMgr:805 - Attr not supported : Dmpu
2024-11-14 00:12:34,813 [ERROR] ConditionMgr:805 - Attr not supported : Dmpu
2024-11-14 00:12:34,813 [ERROR] ConditionMgr:805 - Attr not supported : Dmpu
2024-11-14 00:12:34,813 [ERROR] ConditionMgr:805 - Attr not supported : Dmpu
2024-11-14 00:12:34,813 [ERROR] ConditionMgr:805 - Attr not supported : Dmpu
2024-11-14 00:12:34,813 [ERROR] ConditionMgr:805 - Attr not supported : Dmpu
2024-11-14 00:12:34,813 [ERROR] ConditionMgr:805 - Attr not supported : Dmpu
2024-11-14 00:12:34,813 [ERROR] ConditionMgr:805 - Attr not supported : Dmpu
2024-11-14 00:12:34,813 [ERROR] ConditionMgr:805 - Attr not supported : Dmpu
2024-11-14 00:12:34,813 [ERROR] ConditionMgr:805 - Attr not supported : Dmpu
2024-11-14 00:12:34,813 [ERROR] ConditionMgr:805 - Attr not supported : Dmpu
2024-11-14 00:12:34,813 [ERROR] ConditionMgr:805 - Attr not supported : Dmpu
2024-11-14 00:12:34,813 [ERROR] ConditionMgr:805 - Attr not supported : Dmpu
2024-11-14 00:12:34,813 [ERROR] ConditionMgr:805 - Attr not supported : Dmpu
2024-11-14 00:12:34,813 [ERROR] ConditionMgr:805 - Attr not supported : Dmpu
2024-11-14 00:12:34,813 [ERROR] ConditionMgr:805 - Attr not supported : Dmpu
2024-11-14 00:12:34,813 [ERROR] ConditionMgr:805 - Attr not supported : Dmpu
2024-11-14 00:12:34,813 [ERROR] ConditionMgr:805 - Attr not supported : Dmpu
2024-11-14 00:12:34,813 [ERROR] ConditionMgr:805 - Attr not supported : Dmpu
2024-11-14 00:12:34,813 [ERROR] ConditionMgr:805 - Attr not supported : Dmpu
2024-11-14 00:12:34,814 [ERROR] ConditionMgr:805 - Attr not supported : Dmpu
2024-11-14 00:12:34,814 [ERROR] ConditionMgr:805 - Attr not supported : Dmpu
2024-11-14 00:12:34,814 [ERROR] ConditionMgr:805 - Attr not supported : Dmpu
2024-11-14 00:12:34,814 [ERROR] ConditionMgr:805 - Attr not supported : Dmpu
2024-11-14 00:12:34,814 [ERROR] ConditionMgr:805 - Attr not supported : Dmpu
2024-11-14 00:12:34,814 [ERROR] ConditionMgr:805 - Attr not supported : Dmpu
2024-11-14 00:12:34,829 [WARN] PackLoader:240 - Cannot read IP mode file for RealThread.X-CUBE-RT-Thread_Nano.4.1.1
2024-11-14 00:12:34,858 [WARN] PackLoader:240 - Cannot read IP mode file for wolfSSL.I-CUBE-wolfSSL.5.7.0
2024-11-14 00:12:34,887 [WARN] PackLoader:240 - Cannot read IP mode file for STMicroelectronics.FP-ATR-SIGFOX1.3.2.0
2024-11-14 00:12:34,984 [WARN] PackLoader:240 - Cannot read IP mode file for wolfSSL.I-CUBE-wolfSSL.5.7.2
2024-11-14 00:12:35,146 [WARN] ConditionMgr:438 - getConditionDescription Invalid condition id : Cortex-A Device cause : null
2024-11-14 00:12:35,946 [WARN] ConditionMgr:1039 - genDependencies : Invalid condition id : Cortex-A Device cause : null
2024-11-14 00:12:35,946 [WARN] ConditionMgr:1039 - genDependencies : Invalid condition id : Cortex-A Device cause : null
2024-11-14 00:12:35,946 [WARN] ConditionMgr:1039 - genDependencies : Invalid condition id : Cortex-A Device cause : null
2024-11-14 00:12:36,228 [WARN] PackLoader:240 - Cannot read IP mode file for STMicroelectronics.X-CUBE-EEPRMA1.5.1.0
2024-11-14 00:12:36,272 [WARN] PackLoader:240 - Cannot read IP mode file for ITTIA_DB.I-CUBE-ITTIADB.8.9.0
2024-11-14 00:12:36,389 [WARN] PackLoader:240 - Cannot read IP mode file for SEGGER.I-CUBE-embOS.1.3.1
2024-11-14 00:12:36,533 [WARN] PackLoader:240 - Cannot read IP mode file for STMicroelectronics.X-CUBE-ALGOBUILD.1.4.0
2024-11-14 00:12:41,139 [WARN] PackLoader:240 - Cannot read IP mode file for STMicroelectronics.X-CUBE-AI.9.1.0
2024-11-14 00:12:41,464 [WARN] PackLoader:240 - Cannot read IP mode file for STMicroelectronics.X-CUBE-GNSS1.6.0.0
2024-11-14 00:12:41,529 [WARN] PackLoader:240 - Cannot read IP mode file for STMicroelectronics.X-CUBE-AZRTOS-F4.1.1.0
2024-11-14 00:12:41,560 [WARN] PackLoader:240 - Cannot read IP mode file for STMicroelectronics.X-CUBE-ISPU.2.1.0
2024-11-14 00:12:41,613 [WARN] PackLoader:240 - Cannot read IP mode file for STMicroelectronics.X-CUBE-FREERTOS.1.2.0
2024-11-14 00:12:41,714 [WARN] PackLoader:240 - Cannot read IP mode file for STMicroelectronics.X-CUBE-AZRTOS-L5.2.0.0
2024-11-14 00:12:41,734 [WARN] PackLoader:240 - Cannot read IP mode file for STMicroelectronics.X-CUBE-NFC6.3.1.0
2024-11-14 00:12:41,831 [WARN] PackLoader:240 - Cannot read IP mode file for STMicroelectronics.X-CUBE-DPower.1.2.0
2024-11-14 00:12:41,912 [WARN] PackLoader:240 - Cannot read IP mode file for STMicroelectronics.X-CUBE-AI.9.0.0
2024-11-14 00:12:41,985 [WARN] PackLoader:240 - Cannot read IP mode file for STMicroelectronics.X-CUBE-NFC7.1.0.1
2024-11-14 00:12:42,024 [WARN] PackLoader:240 - Cannot read IP mode file for wolfSSL.I-CUBE-wolfTPM.3.2.0
2024-11-14 00:12:42,070 [WARN] ConditionMgr:438 - getConditionDescription Invalid condition id : LAN8742 Phy interface Condition cause : null
2024-11-14 00:12:42,070 [WARN] PackLoader:240 - Cannot read IP mode file for STMicroelectronics.X-CUBE-AZRTOS-L4.2.0.0
2024-11-14 00:12:42,071 [WARN] ConditionMgr:1039 - genDependencies : Invalid condition id : LAN8742 Phy interface Condition cause : null
2024-11-14 00:12:42,071 [WARN] ConditionMgr:1039 - genDependencies : Invalid condition id : LAN8742 Phy interface Condition cause : null
2024-11-14 00:12:42,072 [WARN] ConditionMgr:1039 - genDependencies : Invalid condition id : LAN8742 Phy interface Condition cause : null
2024-11-14 00:12:42,084 [WARN] PackLoader:240 - Cannot read IP mode file for STMicroelectronics.X-CUBE-SFXS2LP1.4.0.0
2024-11-14 00:12:42,351 [WARN] PackLoader:240 - Cannot read IP mode file for STMicroelectronics.X-CUBE-AZRTOS-H7.3.3.0
2024-11-14 00:12:42,522 [WARN] PackLoader:240 - Cannot read IP mode file for STMicroelectronics.X-CUBE-IPS.3.0.0
2024-11-14 00:12:42,819 [WARN] ConditionMgr:438 - getConditionDescription Invalid condition id : UX DEVICE CLASS RTOS Condition cause : null
2024-11-14 00:12:42,820 [WARN] ConditionMgr:438 - getConditionDescription Invalid condition id : UX DEVICE CLASS RTOS Condition cause : null
2024-11-14 00:12:42,821 [WARN] PackLoader:240 - Cannot read IP mode file for STMicroelectronics.X-CUBE-AZRTOS-WB.2.0.0
2024-11-14 00:12:42,821 [WARN] ConditionMgr:1039 - genDependencies : Invalid condition id : UX DEVICE CLASS RTOS Condition cause : null
2024-11-14 00:12:42,821 [WARN] ConditionMgr:1039 - genDependencies : Invalid condition id : UX DEVICE CLASS RTOS Condition cause : null
2024-11-14 00:12:42,821 [WARN] ConditionMgr:1039 - genDependencies : Invalid condition id : UX DEVICE CLASS RTOS Condition cause : null
2024-11-14 00:12:42,822 [WARN] ConditionMgr:1039 - genDependencies : Invalid condition id : UX DEVICE CLASS RTOS Condition cause : null
2024-11-14 00:12:42,822 [WARN] ConditionMgr:1039 - genDependencies : Invalid condition id : UX DEVICE CLASS RTOS Condition cause : null
2024-11-14 00:12:42,876 [WARN] PackLoader:240 - Cannot read IP mode file for STMicroelectronics.X-CUBE-GNSS1.7.0.0
2024-11-14 00:12:43,517 [WARN] PackLoader:240 - Cannot read IP mode file for STMicroelectronics.FP-SNS-STBOX1.2.0.0
2024-11-14 00:12:44,092 [WARN] PackLoader:240 - Cannot read IP mode file for STMicroelectronics.X-CUBE-SUBG2.5.0.0
2024-11-14 00:12:44,633 [WARN] PackLoader:240 - Cannot read IP mode file for Cesanta.I-CUBE-Mongoose.7.13.0
2024-11-14 00:12:45,111 [WARN] PackLoader:240 - Cannot read IP mode file for STMicroelectronics.X-CUBE-AZRTOS-G4.2.0.0
2024-11-14 00:12:45,445 [WARN] PackLoader:240 - Cannot read IP mode file for STMicroelectronics.X-CUBE-ISPU.2.0.0
2024-11-14 00:12:45,766 [WARN] PackLoader:240 - Cannot read IP mode file for STMicroelectronics.X-CUBE-ALS.1.0.2
2024-11-14 00:12:46,296 [WARN] PackLoader:240 - Cannot read IP mode file for STMicroelectronics.X-CUBE-MEMS1.10.0.0
2024-11-14 00:12:47,874 [WARN] PackLoader:240 - Cannot read IP mode file for STMicroelectronics.X-CUBE-TOUCHGFX.4.24.0
2024-11-14 00:12:48,098 [WARN] PackLoader:240 - Cannot read IP mode file for STMicroelectronics.X-CUBE-TOUCHGFX.4.24.1
2024-11-14 00:12:48,284 [WARN] PackLoader:240 - Cannot read IP mode file for wolfSSL.I-CUBE-wolfTPM.3.4.0
2024-11-14 00:12:48,986 [WARN] PackLoader:240 - Cannot read IP mode file for portGmbH.I-Cube-SoM-uGOAL.1.1.0
2024-11-14 00:12:49,242 [WARN] PackLoader:240 - Cannot read IP mode file for STMicroelectronics.X-CUBE-AZRTOS-H7RS.1.0.0
2024-11-14 00:12:49,368 [WARN] PackLoader:240 - Cannot read IP mode file for STMicroelectronics.FP-ATR-ASTRA1.2.0.0
2024-11-14 00:12:49,614 [WARN] PackLoader:240 - Cannot read IP mode file for STMicroelectronics.X-CUBE-TOF1.3.4.2
2024-11-14 00:12:50,190 [WARN] PackLoader:240 - Cannot read IP mode file for Infineon.AIROC-Wi-Fi-Bluetooth-STM32.1.6.1
2024-11-14 00:12:50,324 [WARN] PackLoader:240 - Cannot read IP mode file for STMicroelectronics.X-CUBE-TOF1.3.4.1
2024-11-14 00:12:50,635 [WARN] PackLoader:240 - Cannot read IP mode file for STMicroelectronics.X-CUBE-AZRTOS-H7.3.2.0
2024-11-14 00:12:50,774 [WARN] PackLoader:240 - Cannot read IP mode file for Infineon.AIROC-Wi-Fi-Bluetooth-STM32.1.6.0
2024-11-14 00:12:51,034 [WARN] PackLoader:240 - Cannot read IP mode file for wolfSSL.I-CUBE-wolfSSH.1.4.17
2024-11-14 00:12:51,035 [INFO] ThirdParty:978 - Integrity check success = true
2024-11-14 00:12:51,035 [INFO] IntegrityCheckThread:100 - exiting critical section [integrity check]
2024-11-14 00:12:51,035 [INFO] IntegrityCheckThread:103 - End integrity checks thread
2024-11-14 00:12:53,124 [INFO] WebApp:161 - Instantiating new browser for Auth
2024-11-14 00:13:01,439 [INFO] WebApp:779 - Register for checkConnection events
2024-11-14 00:13:01,439 [INFO] WebApp:414 - Apply proxy settings
2024-11-14 00:13:01,439 [INFO] WebApp:499 - Chromium requires no authentication
2024-11-14 00:13:01,456 [INFO] WebApp:442 - Direct internet connection detected
2024-11-14 00:13:01,873 [INFO] WebApp:192 - Starting web application
2024-11-14 00:13:01,874 [INFO] WebApp:544 - Web application path used C:\ST\STM32CubeIDE_1.15.1\STM32CubeIDE\plugins\com.st.stm32cube.common.mx_6.11.1.202404110753\db\plugins\mcufinder\reactClient1\index.html
2024-11-14 00:22:54,039 [ERROR] ConfigurationRetriever:142 - IOException on connection: Connect timed out
2024-11-14 00:22:56,041 [ERROR] ConfigurationRetriever:142 - IOException on connection: Connect timed out
2024-11-14 00:22:58,044 [ERROR] ConfigurationRetriever:142 - IOException on connection: Connect timed out
2024-11-14 09:56:59,301 [INFO] Activator:176 - 


2024-11-14 09:56:59,333 [INFO] Activator:177 - !SESSION log4j initialized
2024-11-14 09:57:21,802 [INFO] LogOutputStream:77 - [STDOUT_REDIRECT] 
2024-11-14 09:57:37,756 [INFO] ApplicationProperties:184 - Using Application install path: C:\ST\STM32CubeIDE_1.15.1\STM32CubeIDE\plugins\com.st.stm32cube.common.mx_6.11.1.202404110753
2024-11-14 09:57:37,853 [INFO] DbMcusXml:78 - Set database path to: C:\ST\STM32CubeIDE_1.15.1\STM32CubeIDE\plugins\com.st.stm32cube.common.mx_6.11.1.202404110753\\db\/mcu/
2024-11-14 09:57:37,854 [INFO] ApiDb:274 - Set plugin database path to: C:\ST\STM32CubeIDE_1.15.1\STM32CubeIDE\plugins\com.st.stm32cube.common.mx_6.11.1.202404110753\\db\/plugins/boardmanager/
2024-11-14 09:57:37,855 [WARN] ApiDb:259 - Overriding images path with different value:  => C:\ST\STM32CubeIDE_1.15.1\STM32CubeIDE\plugins\com.st.stm32cube.common.mx_6.11.1.202404110753\\db\/plugins/mcufinder/images/
2024-11-14 09:57:38,120 [INFO] ApiDb:250 - Set database path to: C:\Users\crist\.stmcufinder\plugins\mcufinder//mcu/
2024-11-14 09:57:38,123 [INFO] DbMcusAds:125 - Set database path to: C:\Users\crist\.stmcufinder\plugins\mcufinder//mcu/
2024-11-14 09:57:38,137 [INFO] CrossReferenceDbSqlite:203 - Set database path to: C:\Users\crist\.stmcufinder\plugins\mcufinder//mcu/cs/
2024-11-14 09:57:38,549 [INFO] RulesReader:64 - Compatibility file has been processed (297 Rules)
2024-11-14 09:57:39,159 [INFO] DbMcusXml:78 - Set database path to: C:\ST\STM32CubeIDE_1.15.1\STM32CubeIDE\plugins\com.st.stm32cube.common.mx_6.11.1.202404110753\\db\/mcu/
2024-11-14 09:57:39,159 [INFO] ApiDb:274 - Set plugin database path to: C:\ST\STM32CubeIDE_1.15.1\STM32CubeIDE\plugins\com.st.stm32cube.common.mx_6.11.1.202404110753\\db\/plugins/boardmanager/
2024-11-14 09:57:39,160 [INFO] ApiDb:261 - Set plugin images path to: C:\ST\STM32CubeIDE_1.15.1\STM32CubeIDE\plugins\com.st.stm32cube.common.mx_6.11.1.202404110753\\db\/plugins/mcufinder/images/
2024-11-14 09:57:39,160 [WARN] DbFile:41 - Overriding database path with different value: C:\Users\crist\.stmcufinder\plugins\mcufinder/ => C:\Users\crist\.stmcufinder\plugins\mcufinder
2024-11-14 09:57:39,160 [INFO] ApiDb:250 - Set database path to: C:\Users\crist\.stmcufinder\plugins\mcufinder//mcu/
2024-11-14 09:57:39,160 [WARN] DbFile:41 - Overriding database path with different value: C:\Users\crist\.stmcufinder\plugins\mcufinder/ => C:\Users\crist\.stmcufinder\plugins\mcufinder
2024-11-14 09:57:39,161 [INFO] DbMcusAds:125 - Set database path to: C:\Users\crist\.stmcufinder\plugins\mcufinder//mcu/
2024-11-14 09:57:39,161 [WARN] DbFile:41 - Overriding database path with different value: C:\Users\crist\.stmcufinder\plugins\mcufinder/ => C:\Users\crist\.stmcufinder\plugins\mcufinder
2024-11-14 09:57:39,161 [WARN] DbFile:41 - Overriding database path with different value: C:\Users\crist\.stmcufinder\plugins\mcufinder/ => C:\Users\crist\.stmcufinder\plugins\mcufinder
2024-11-14 09:57:39,161 [INFO] CrossReferenceDbSqlite:203 - Set database path to: C:\Users\crist\.stmcufinder\plugins\mcufinder//mcu/cs/
2024-11-14 09:57:39,696 [INFO] MainPanel:264 - HeapMemory: 268435456
2024-11-14 09:57:40,226 [INFO] DbMcusXml:78 - Set database path to: C:\ST\STM32CubeIDE_1.15.1\STM32CubeIDE\plugins\com.st.stm32cube.common.mx_6.11.1.202404110753\\db\/mcu/
2024-11-14 09:57:40,226 [INFO] ApiDb:274 - Set plugin database path to: C:\ST\STM32CubeIDE_1.15.1\STM32CubeIDE\plugins\com.st.stm32cube.common.mx_6.11.1.202404110753\\db\/plugins/boardmanager/
2024-11-14 09:57:40,226 [INFO] ApiDb:261 - Set plugin images path to: C:\ST\STM32CubeIDE_1.15.1\STM32CubeIDE\plugins\com.st.stm32cube.common.mx_6.11.1.202404110753\\db\/plugins/mcufinder/images/
2024-11-14 09:57:40,227 [WARN] DbFile:41 - Overriding database path with different value: C:\Users\crist\.stmcufinder\plugins\mcufinder/ => C:\Users\crist\.stmcufinder\plugins\mcufinder
2024-11-14 09:57:40,228 [INFO] ApiDb:250 - Set database path to: C:\Users\crist\.stmcufinder\plugins\mcufinder//mcu/
2024-11-14 09:57:40,228 [WARN] DbFile:41 - Overriding database path with different value: C:\Users\crist\.stmcufinder\plugins\mcufinder/ => C:\Users\crist\.stmcufinder\plugins\mcufinder
2024-11-14 09:57:40,228 [INFO] DbMcusAds:125 - Set database path to: C:\Users\crist\.stmcufinder\plugins\mcufinder//mcu/
2024-11-14 09:57:40,229 [WARN] DbFile:41 - Overriding database path with different value: C:\Users\crist\.stmcufinder\plugins\mcufinder/ => C:\Users\crist\.stmcufinder\plugins\mcufinder
2024-11-14 09:57:40,229 [WARN] DbFile:41 - Overriding database path with different value: C:\Users\crist\.stmcufinder\plugins\mcufinder/ => C:\Users\crist\.stmcufinder\plugins\mcufinder
2024-11-14 09:57:40,229 [INFO] CrossReferenceDbSqlite:203 - Set database path to: C:\Users\crist\.stmcufinder\plugins\mcufinder//mcu/cs/
2024-11-14 09:57:40,288 [INFO] ApplicationProperties:184 - Using Application install path: C:\ST\STM32CubeIDE_1.15.1\STM32CubeIDE\plugins\com.st.stm32cube.common.mx_6.11.1.202404110753
2024-11-14 09:57:40,293 [INFO] PluginManage:196 - Search for loadable plugins [exclusion list=, ]
2024-11-14 09:57:40,298 [INFO] PluginManage:310 - Check plugin analytics
2024-11-14 09:57:41,079 [INFO] AnalyticsPlugin:253 - Accepted Software Licenses: 
2024-11-14 09:57:41,079 [INFO] AnalyticsPlugin:255 - Accepted CMSIS Pack Licenses: 
2024-11-14 09:57:41,079 [INFO] AnalyticsPlugin:257 - Accepted Firmware Licenses: FW.F4.1.28.0
2024-11-14 09:57:41,083 [INFO] PluginManage:359 - Loaded plugin analytics (category:tool,tabindex:-1)
2024-11-14 09:57:41,083 [INFO] PluginManage:310 - Check plugin cadmodel
2024-11-14 09:57:41,195 [INFO] CADModel:105 - Init CAD model plugin
2024-11-14 09:57:41,196 [INFO] PluginManage:359 - Loaded plugin cadmodel (category:power,tabindex:5)
2024-11-14 09:57:41,196 [INFO] PluginManage:310 - Check plugin clock
2024-11-14 09:57:41,263 [INFO] PluginManage:359 - Loaded plugin clock (category:base,tabindex:2)
2024-11-14 09:57:41,263 [INFO] PluginManage:310 - Check plugin ddr
2024-11-14 09:57:41,303 [INFO] PluginManage:359 - Loaded plugin ddr (category:tool,tabindex:6)
2024-11-14 09:57:41,303 [INFO] PluginManage:310 - Check plugin filemanager
2024-11-14 09:57:41,998 [INFO] PluginManage:359 - Loaded plugin filemanager (category:base,tabindex:10)
2024-11-14 09:57:41,998 [INFO] PluginManage:310 - Check plugin ipmanager
2024-11-14 09:57:42,039 [INFO] PluginManage:359 - Loaded plugin ipmanager (category:base,tabindex:5)
2024-11-14 09:57:42,039 [INFO] PluginManage:310 - Check plugin lpbam
2024-11-14 09:57:42,140 [INFO] PluginManage:359 - Loaded plugin lpbam (category:base,tabindex:0)
2024-11-14 09:57:42,141 [INFO] PluginManage:310 - Check plugin memorymap
2024-11-14 09:57:42,213 [INFO] PluginManage:359 - Loaded plugin memorymap (category:base,tabindex:4)
2024-11-14 09:57:42,214 [INFO] PluginManage:310 - Check plugin pinoutandconfiguration
2024-11-14 09:57:42,265 [INFO] PluginManage:359 - Loaded plugin pinoutandconfiguration (category:base,tabindex:1)
2024-11-14 09:57:42,265 [INFO] PluginManage:310 - Check plugin pinoutconfig
2024-11-14 09:57:42,955 [WARN] SupportedApi:132 - Cannot load RTOS API schema: s4s-elt-must-match.1: The content of 'definitions' must match (annotation?, (simpleType | complexType)?, (unique | key | keyref)*)). A problem was found starting at: attribute.
2024-11-14 09:57:43,449 [INFO] PluginManage:359 - Loaded plugin pinoutconfig (category:base,tabindex:0)
2024-11-14 09:57:43,449 [INFO] PluginManage:310 - Check plugin power
2024-11-14 09:57:43,529 [INFO] PluginManage:359 - Loaded plugin power (category:power,tabindex:4)
2024-11-14 09:57:43,530 [INFO] PluginManage:310 - Check plugin projectmanager
2024-11-14 09:57:43,585 [INFO] PluginManage:359 - Loaded plugin projectmanager (category:projectmanager,tabindex:3)
2024-11-14 09:57:43,586 [INFO] PluginManage:310 - Check plugin thirdparty
2024-11-14 09:57:44,489 [INFO] PluginManage:359 - Loaded plugin thirdparty (category:base,tabindex:-1)
2024-11-14 09:57:44,489 [INFO] PluginManage:310 - Check plugin tools
2024-11-14 09:57:44,489 [WARN] IntegrityCheckThread:84 - waiting for thirdparty lock release [integrity check]
2024-11-14 09:57:44,489 [INFO] IntegrityCheckThread:86 - entering critical section [integrity check]
2024-11-14 09:57:44,490 [INFO] ThirdPartyUpdaterWithRetryManager:70 - Updater plugin not ready yet. [1/15]
2024-11-14 09:57:44,516 [INFO] PluginManage:359 - Loaded plugin tools (category:base,tabindex:7)
2024-11-14 09:57:44,516 [INFO] PluginManage:310 - Check plugin tutovideos
2024-11-14 09:57:45,208 [INFO] PluginManage:359 - Loaded plugin tutovideos (category:base,tabindex:-1)
2024-11-14 09:57:45,208 [INFO] PluginManage:310 - Check plugin updater
2024-11-14 09:57:45,268 [INFO] PluginManage:359 - Loaded plugin updater (category:base,tabindex:12)
2024-11-14 09:57:45,268 [INFO] PluginManage:310 - Check plugin userauth
2024-11-14 09:57:45,320 [INFO] UserAuth:114 - Init User Auth plugin
2024-11-14 09:57:45,320 [INFO] PluginManage:359 - Loaded plugin userauth (category:base,tabindex:14)
2024-11-14 09:57:45,322 [INFO] PluginManage:283 - PluginManage : Loaded plugins [17]
2024-11-14 09:57:46,883 [INFO] PinOutPanel:1561 - setPackage(No Configuration,No Configuration)
2024-11-14 09:57:47,340 [INFO] CADModel:165 - CPN selected for project level
2024-11-14 09:57:47,340 [INFO] CADModel:114 - Register for checkConnection events
2024-11-14 09:57:47,483 [INFO] IPUIPlugin:80 - create IPUIPlugin
2024-11-14 09:57:47,484 [INFO] PluginManager:220 - loadIPPluginJar : add adc
2024-11-14 09:57:47,491 [INFO] ThirdPartyUpdaterWithRetryManager:70 - Updater plugin not ready yet. [2/15]
2024-11-14 09:57:47,527 [INFO] IPUIPlugin:80 - create IPUIPlugin
2024-11-14 09:57:47,528 [INFO] PluginManager:220 - loadIPPluginJar : add aes
2024-11-14 09:57:47,570 [INFO] IPUIPlugin:80 - create IPUIPlugin
2024-11-14 09:57:47,571 [INFO] PluginManager:220 - loadIPPluginJar : add can
2024-11-14 09:57:47,586 [INFO] IPUIPlugin:80 - create IPUIPlugin
2024-11-14 09:57:47,587 [INFO] PluginManager:220 - loadIPPluginJar : add comp
2024-11-14 09:57:47,609 [INFO] IPUIPlugin:80 - create IPUIPlugin
2024-11-14 09:57:47,609 [INFO] PluginManager:220 - loadIPPluginJar : add cryp
2024-11-14 09:57:47,652 [INFO] IPUIPlugin:80 - create IPUIPlugin
2024-11-14 09:57:47,652 [INFO] PluginManager:220 - loadIPPluginJar : add dfsdm
2024-11-14 09:57:47,705 [INFO] IPUIPlugin:80 - create IPUIPlugin
2024-11-14 09:57:47,706 [INFO] PluginManager:220 - loadIPPluginJar : add dma
2024-11-14 09:57:47,740 [INFO] IPUIPlugin:80 - create IPUIPlugin
2024-11-14 09:57:47,741 [INFO] PluginManager:220 - loadIPPluginJar : add dma3
2024-11-14 09:57:47,767 [INFO] IPUIPlugin:80 - create IPUIPlugin
2024-11-14 09:57:47,767 [INFO] PluginManager:220 - loadIPPluginJar : add extmemmanager
2024-11-14 09:57:47,785 [INFO] IPUIPlugin:80 - create IPUIPlugin
2024-11-14 09:57:47,785 [INFO] PluginManager:220 - loadIPPluginJar : add fatfs
2024-11-14 09:57:47,814 [INFO] IPUIPlugin:80 - create IPUIPlugin
2024-11-14 09:57:47,815 [INFO] PluginManager:220 - loadIPPluginJar : add fmc
2024-11-14 09:57:47,873 [INFO] IPUIPlugin:80 - create IPUIPlugin
2024-11-14 09:57:47,873 [INFO] PluginManager:220 - loadIPPluginJar : add freertos
2024-11-14 09:57:47,898 [INFO] IPUIPlugin:80 - create IPUIPlugin
2024-11-14 09:57:47,898 [INFO] PluginManager:220 - loadIPPluginJar : add genericplugin
2024-11-14 09:57:47,928 [INFO] IPUIPlugin:80 - create IPUIPlugin
2024-11-14 09:57:47,929 [INFO] PluginManager:220 - loadIPPluginJar : add gfxmmu
2024-11-14 09:57:47,976 [INFO] IPUIPlugin:80 - create IPUIPlugin
2024-11-14 09:57:47,976 [INFO] PluginManager:220 - loadIPPluginJar : add gic
2024-11-14 09:57:48,029 [INFO] IPUIPlugin:80 - create IPUIPlugin
2024-11-14 09:57:48,030 [INFO] PluginManager:220 - loadIPPluginJar : add gpio
2024-11-14 09:57:48,041 [INFO] IPUIPlugin:80 - create IPUIPlugin
2024-11-14 09:57:48,041 [INFO] PluginManager:220 - loadIPPluginJar : add gtzc
2024-11-14 09:57:48,047 [INFO] IPUIPlugin:80 - create IPUIPlugin
2024-11-14 09:57:48,048 [INFO] PluginManager:220 - loadIPPluginJar : add hash
2024-11-14 09:57:48,101 [INFO] IPUIPlugin:80 - create IPUIPlugin
2024-11-14 09:57:48,102 [INFO] PluginManager:220 - loadIPPluginJar : add i2c
2024-11-14 09:57:48,132 [INFO] IPUIPlugin:80 - create IPUIPlugin
2024-11-14 09:57:48,133 [INFO] PluginManager:220 - loadIPPluginJar : add i2s
2024-11-14 09:57:48,163 [INFO] IPUIPlugin:80 - create IPUIPlugin
2024-11-14 09:57:48,164 [INFO] PluginManager:220 - loadIPPluginJar : add i3c
2024-11-14 09:57:48,172 [INFO] IPUIPlugin:80 - create IPUIPlugin
2024-11-14 09:57:48,173 [INFO] PluginManager:220 - loadIPPluginJar : add ipddr
2024-11-14 09:57:48,231 [INFO] IPUIPlugin:80 - create IPUIPlugin
2024-11-14 09:57:48,231 [INFO] PluginManager:220 - loadIPPluginJar : add linkedlist
2024-11-14 09:57:48,239 [INFO] IPUIPlugin:80 - create IPUIPlugin
2024-11-14 09:57:48,240 [INFO] PluginManager:220 - loadIPPluginJar : add lorawan
2024-11-14 09:57:48,245 [INFO] IPUIPlugin:80 - create IPUIPlugin
2024-11-14 09:57:48,246 [INFO] PluginManager:220 - loadIPPluginJar : add ltdc
2024-11-14 09:57:48,297 [INFO] IPUIPlugin:80 - create IPUIPlugin
2024-11-14 09:57:48,298 [INFO] PluginManager:220 - loadIPPluginJar : add mdma
2024-11-14 09:57:48,333 [INFO] IPUIPlugin:80 - create IPUIPlugin
2024-11-14 09:57:48,333 [INFO] PluginManager:220 - loadIPPluginJar : add nvic
2024-11-14 09:57:48,367 [INFO] IPUIPlugin:80 - create IPUIPlugin
2024-11-14 09:57:48,368 [INFO] PluginManager:220 - loadIPPluginJar : add opamp
2024-11-14 09:57:48,418 [INFO] IPUIPlugin:80 - create IPUIPlugin
2024-11-14 09:57:48,418 [INFO] PluginManager:220 - loadIPPluginJar : add openamp
2024-11-14 09:57:48,428 [INFO] IPUIPlugin:80 - create IPUIPlugin
2024-11-14 09:57:48,429 [INFO] PluginManager:220 - loadIPPluginJar : add pdm2pcm
2024-11-14 09:57:48,467 [INFO] IPUIPlugin:80 - create IPUIPlugin
2024-11-14 09:57:48,474 [INFO] PluginManager:220 - loadIPPluginJar : add plateformsettings
2024-11-14 09:57:48,531 [INFO] IPUIPlugin:80 - create IPUIPlugin
2024-11-14 09:57:48,532 [INFO] PluginManager:220 - loadIPPluginJar : add quadspi
2024-11-14 09:57:48,598 [INFO] IPUIPlugin:80 - create IPUIPlugin
2024-11-14 09:57:48,599 [INFO] PluginManager:220 - loadIPPluginJar : add resmgrutility
2024-11-14 09:57:48,645 [INFO] IPUIPlugin:80 - create IPUIPlugin
2024-11-14 09:57:48,645 [INFO] PluginManager:220 - loadIPPluginJar : add sai
2024-11-14 09:57:48,652 [INFO] IPUIPlugin:80 - create IPUIPlugin
2024-11-14 09:57:48,653 [INFO] PluginManager:220 - loadIPPluginJar : add spi
2024-11-14 09:57:48,718 [INFO] IPUIPlugin:80 - create IPUIPlugin
2024-11-14 09:57:48,718 [INFO] PluginManager:220 - loadIPPluginJar : add stm32_wpan
2024-11-14 09:57:48,750 [INFO] IPUIPlugin:80 - create IPUIPlugin
2024-11-14 09:57:48,751 [INFO] PluginManager:220 - loadIPPluginJar : add tim
2024-11-14 09:57:48,771 [INFO] IPUIPlugin:80 - create IPUIPlugin
2024-11-14 09:57:48,772 [INFO] PluginManager:220 - loadIPPluginJar : add touchsensing
2024-11-14 09:57:48,805 [INFO] IPUIPlugin:80 - create IPUIPlugin
2024-11-14 09:57:48,806 [INFO] PluginManager:220 - loadIPPluginJar : add tracer_emb
2024-11-14 09:57:48,813 [INFO] IPUIPlugin:80 - create IPUIPlugin
2024-11-14 09:57:48,813 [INFO] PluginManager:220 - loadIPPluginJar : add ts
2024-11-14 09:57:48,838 [INFO] IPUIPlugin:80 - create IPUIPlugin
2024-11-14 09:57:48,838 [INFO] PluginManager:220 - loadIPPluginJar : add tsc
2024-11-14 09:57:48,843 [INFO] IPUIPlugin:80 - create IPUIPlugin
2024-11-14 09:57:48,844 [INFO] PluginManager:220 - loadIPPluginJar : add ucpd
2024-11-14 09:57:48,870 [INFO] IPUIPlugin:80 - create IPUIPlugin
2024-11-14 09:57:48,870 [INFO] PluginManager:220 - loadIPPluginJar : add usart
2024-11-14 09:57:48,894 [INFO] IPUIPlugin:80 - create IPUIPlugin
2024-11-14 09:57:48,894 [INFO] PluginManager:220 - loadIPPluginJar : add usbx
2024-11-14 09:57:49,298 [INFO] CADModel:165 - CPN selected for project level
2024-11-14 09:57:49,298 [INFO] CADModel:114 - Register for checkConnection events
2024-11-14 09:57:49,299 [FATAL] Updater:308 - Updater called before beeing initialized
2024-11-14 09:57:49,299 [ERROR] CADModel:125 - Updater not yet initialized, retry later 
2024-11-14 09:57:50,276 [INFO] CADModel:165 - CPN selected for project level
2024-11-14 09:57:50,276 [INFO] CADModel:114 - Register for checkConnection events
2024-11-14 09:57:50,276 [FATAL] Updater:308 - Updater called before beeing initialized
2024-11-14 09:57:50,277 [ERROR] CADModel:125 - Updater not yet initialized, retry later 
2024-11-14 09:57:50,286 [FATAL] Updater:308 - Updater called before beeing initialized
2024-11-14 09:57:50,492 [INFO] ThirdPartyUpdaterWithRetryManager:70 - Updater plugin not ready yet. [3/15]
2024-11-14 09:57:50,889 [FATAL] Updater:308 - Updater called before beeing initialized
2024-11-14 09:57:50,893 [INFO] DbMcusAds:53 - JSON generation date=Fri Sep 20 10:04:38 ART 2024 (1726837478367)
2024-11-14 09:57:50,893 [FATAL] Updater:308 - Updater called before beeing initialized
2024-11-14 09:57:51,529 [WARN] DetailPanel:346 - Failed to get advertising image, set to default
2024-11-14 09:57:51,816 [FATAL] Updater:308 - Updater called before beeing initialized
2024-11-14 09:57:51,850 [FATAL] Updater:308 - Updater called before beeing initialized
2024-11-14 09:57:51,850 [FATAL] Updater:308 - Updater called before beeing initialized
2024-11-14 09:57:51,850 [WARN] DetailPanel:346 - Failed to get advertising image, set to default
2024-11-14 09:57:51,852 [FATAL] Updater:308 - Updater called before beeing initialized
2024-11-14 09:57:52,130 [ERROR] Updater:1120 - MainUpdater not yet initialized. External WinMGr cannot be set.
2024-11-14 09:57:52,143 [INFO] Updater:1056 - Updater Version found : 6.11.1
2024-11-14 09:57:52,209 [INFO] ApplicationProperties:184 - Using Application install path: C:\ST\STM32CubeIDE_1.15.1\STM32CubeIDE\plugins\com.st.stm32cube.common.mx_6.11.1.202404110753
2024-11-14 09:57:53,493 [FATAL] Updater:308 - Updater called before beeing initialized
2024-11-14 09:57:53,495 [ERROR] IntegrityCheckThread:130 - Cannot retrieve database content from updater: error 21
2024-11-14 09:57:53,496 [INFO] ThirdParty:978 - Integrity check success = false
2024-11-14 09:57:53,496 [INFO] IntegrityCheckThread:100 - exiting critical section [integrity check]
2024-11-14 09:57:53,496 [INFO] IntegrityCheckThread:103 - End integrity checks thread
2024-11-14 09:57:53,497 [INFO] MainUpdater:2873 - connection check result : 10
2024-11-14 09:57:53,499 [INFO] MainUpdater:290 - Updater Check For Update Now.
2024-11-14 09:57:53,500 [INFO] MicroXplorer:498 - Change Database Version : DB.6.0.111
2024-11-14 09:57:53,642 [INFO] McuFinderGlobals:63 - Set McuFinder mode to 2 (CubeIDE integrated)
2024-11-14 09:57:53,744 [INFO] UserAuth:415 - Internet connection configuration mode: 1
2024-11-14 09:57:53,929 [INFO] JxBrowserEngine:152 - Initiate JxBrowser Engine with user profile folder
2024-11-14 09:57:54,049 [INFO] CheckServerUpdateThread:120 - End of CheckServer Thread
2024-11-14 09:58:14,615 [INFO] WebApp:161 - Instantiating new browser for Auth
2024-11-14 09:58:27,452 [INFO] WebApp:779 - Register for checkConnection events
2024-11-14 09:58:27,453 [INFO] WebApp:414 - Apply proxy settings
2024-11-14 09:58:27,453 [INFO] WebApp:499 - Chromium requires no authentication
2024-11-14 09:58:27,482 [INFO] WebApp:442 - Direct internet connection detected
2024-11-14 09:58:28,124 [INFO] WebApp:192 - Starting web application
2024-11-14 09:58:28,124 [INFO] WebApp:544 - Web application path used C:\ST\STM32CubeIDE_1.15.1\STM32CubeIDE\plugins\com.st.stm32cube.common.mx_6.11.1.202404110753\db\plugins\mcufinder\reactClient1\index.html
2024-11-14 10:21:14,146 [ERROR] LogOutputStream:75 - [STDERR_REDIRECT] 
